[2023-06-24 20:38:18,513] [INFO] [real_accelerator.py:110:get_accelerator] Setting ds_accelerator to cuda (auto detect)
[2023-06-24 20:38:18,536] [INFO] [real_accelerator.py:110:get_accelerator] Setting ds_accelerator to cuda (auto detect)
[2023-06-24 20:38:18,536] [INFO] [real_accelerator.py:110:get_accelerator] Setting ds_accelerator to cuda (auto detect)
[2023-06-24 20:38:18,538] [INFO] [real_accelerator.py:110:get_accelerator] Setting ds_accelerator to cuda (auto detect)
[2023-06-24 20:38:18,549] [INFO] [real_accelerator.py:110:get_accelerator] Setting ds_accelerator to cuda (auto detect)
[2023-06-24 20:38:18,549] [INFO] [real_accelerator.py:110:get_accelerator] Setting ds_accelerator to cuda (auto detect)
[2023-06-24 20:38:18,549] [INFO] [real_accelerator.py:110:get_accelerator] Setting ds_accelerator to cuda (auto detect)
[2023-06-24 20:38:18,551] [INFO] [real_accelerator.py:110:get_accelerator] Setting ds_accelerator to cuda (auto detect)
[2023-06-24 20:38:21,722] [WARNING] [comm.py:152:init_deepspeed_backend] NCCL backend in DeepSpeed not yet implemented
[2023-06-24 20:38:21,722] [INFO] [comm.py:594:init_distributed] cdb=None
[2023-06-24 20:38:21,722] [INFO] [comm.py:625:init_distributed] Initializing TorchBackend in DeepSpeed with backend nccl
[2023-06-24 20:38:21,737] [WARNING] [comm.py:152:init_deepspeed_backend] NCCL backend in DeepSpeed not yet implemented
[2023-06-24 20:38:21,737] [INFO] [comm.py:594:init_distributed] cdb=None
[2023-06-24 20:38:21,777] [WARNING] [comm.py:152:init_deepspeed_backend] NCCL backend in DeepSpeed not yet implemented
[2023-06-24 20:38:21,777] [INFO] [comm.py:594:init_distributed] cdb=None
[2023-06-24 20:38:21,800] [WARNING] [comm.py:152:init_deepspeed_backend] NCCL backend in DeepSpeed not yet implemented
[2023-06-24 20:38:21,800] [INFO] [comm.py:594:init_distributed] cdb=None
[2023-06-24 20:38:21,820] [WARNING] [comm.py:152:init_deepspeed_backend] NCCL backend in DeepSpeed not yet implemented
[2023-06-24 20:38:21,820] [INFO] [comm.py:594:init_distributed] cdb=None
[2023-06-24 20:38:21,828] [WARNING] [comm.py:152:init_deepspeed_backend] NCCL backend in DeepSpeed not yet implemented
[2023-06-24 20:38:21,828] [INFO] [comm.py:594:init_distributed] cdb=None
[2023-06-24 20:38:21,834] [WARNING] [comm.py:152:init_deepspeed_backend] NCCL backend in DeepSpeed not yet implemented
[2023-06-24 20:38:21,834] [INFO] [comm.py:594:init_distributed] cdb=None
[2023-06-24 20:38:21,839] [WARNING] [comm.py:152:init_deepspeed_backend] NCCL backend in DeepSpeed not yet implemented
[2023-06-24 20:38:21,840] [INFO] [comm.py:594:init_distributed] cdb=None
[2023-06-24 20:38:26,775] [INFO] [partition_parameters.py:453:__exit__] finished initializing model with 6.86B parameters
[1/3] /usr/local/cuda/bin/nvcc  -DTORCH_EXTENSION_NAME=fused_adam -DTORCH_API_INCLUDE_EXTENSION_H -DPYBIND11_COMPILER_TYPE=\"_gcc\" -DPYBIND11_STDLIB=\"_libstdcpp\" -DPYBIND11_BUILD_ABI=\"_cxxabi1011\" -I/home/ubuntu/anaconda3/envs/deep310/lib/python3.10/site-packages/deepspeed/ops/csrc/includes -I/home/ubuntu/anaconda3/envs/deep310/lib/python3.10/site-packages/deepspeed/ops/csrc/adam -isystem /home/ubuntu/anaconda3/envs/deep310/lib/python3.10/site-packages/torch/include -isystem /home/ubuntu/anaconda3/envs/deep310/lib/python3.10/site-packages/torch/include/torch/csrc/api/include -isystem /home/ubuntu/anaconda3/envs/deep310/lib/python3.10/site-packages/torch/include/TH -isystem /home/ubuntu/anaconda3/envs/deep310/lib/python3.10/site-packages/torch/include/THC -isystem /usr/local/cuda/include -isystem /home/ubuntu/anaconda3/envs/deep310/include/python3.10 -D_GLIBCXX_USE_CXX11_ABI=0 -D__CUDA_NO_HALF_OPERATORS__ -D__CUDA_NO_HALF_CONVERSIONS__ -D__CUDA_NO_BFLOAT16_CONVERSIONS__ -D__CUDA_NO_HALF2_OPERATORS__ --expt-relaxed-constexpr -gencode=arch=compute_80,code=compute_80 -gencode=arch=compute_80,code=sm_80 --compiler-options '-fPIC' -O3 -DVERSION_GE_1_1 -DVERSION_GE_1_3 -DVERSION_GE_1_5 -lineinfo --use_fast_math -gencode=arch=compute_80,code=sm_80 -gencode=arch=compute_80,code=compute_80 -DBF16_AVAILABLE -std=c++17 -c /home/ubuntu/anaconda3/envs/deep310/lib/python3.10/site-packages/deepspeed/ops/csrc/adam/multi_tensor_adam.cu -o multi_tensor_adam.cuda.o 
[2/3] c++ -MMD -MF fused_adam_frontend.o.d -DTORCH_EXTENSION_NAME=fused_adam -DTORCH_API_INCLUDE_EXTENSION_H -DPYBIND11_COMPILER_TYPE=\"_gcc\" -DPYBIND11_STDLIB=\"_libstdcpp\" -DPYBIND11_BUILD_ABI=\"_cxxabi1011\" -I/home/ubuntu/anaconda3/envs/deep310/lib/python3.10/site-packages/deepspeed/ops/csrc/includes -I/home/ubuntu/anaconda3/envs/deep310/lib/python3.10/site-packages/deepspeed/ops/csrc/adam -isystem /home/ubuntu/anaconda3/envs/deep310/lib/python3.10/site-packages/torch/include -isystem /home/ubuntu/anaconda3/envs/deep310/lib/python3.10/site-packages/torch/include/torch/csrc/api/include -isystem /home/ubuntu/anaconda3/envs/deep310/lib/python3.10/site-packages/torch/include/TH -isystem /home/ubuntu/anaconda3/envs/deep310/lib/python3.10/site-packages/torch/include/THC -isystem /usr/local/cuda/include -isystem /home/ubuntu/anaconda3/envs/deep310/include/python3.10 -D_GLIBCXX_USE_CXX11_ABI=0 -fPIC -std=c++17 -O3 -std=c++17 -g -Wno-reorder -DVERSION_GE_1_1 -DVERSION_GE_1_3 -DVERSION_GE_1_5 -DBF16_AVAILABLE -c /home/ubuntu/anaconda3/envs/deep310/lib/python3.10/site-packages/deepspeed/ops/csrc/adam/fused_adam_frontend.cpp -o fused_adam_frontend.o 
[3/3] c++ fused_adam_frontend.o multi_tensor_adam.cuda.o -shared -L/home/ubuntu/anaconda3/envs/deep310/lib/python3.10/site-packages/torch/lib -lc10 -lc10_cuda -ltorch_cpu -ltorch_cuda -ltorch -ltorch_python -L/usr/local/cuda/lib64 -lcudart -o fused_adam.so
Time to load fused_adam op: 33.46346688270569 seconds
Time to load fused_adam op: 33.47099280357361 seconds
Time to load fused_adam op: 33.474372148513794 seconds
Time to load fused_adam op: 33.47369933128357 seconds
Time to load fused_adam op: 33.466339111328125 seconds
Time to load fused_adam op: 33.474756956100464 seconds
Time to load fused_adam op: 33.47591757774353 seconds
Time to load fused_adam op: 33.47624707221985 seconds
Parameter Offload: Total persistent parameters: 1712128 in 322 params
{'loss': 5.4214, 'learning_rate': 0.0, 'epoch': 0.0}
{'loss': 4.9421, 'learning_rate': 3.839174400131203e-06, 'epoch': 0.0}
{'loss': 4.9783, 'learning_rate': 6.084947457936598e-06, 'epoch': 0.01}
{'loss': 5.1326, 'learning_rate': 7.678348800262406e-06, 'epoch': 0.01}
{'loss': 4.9023, 'learning_rate': 8.914286900836977e-06, 'epoch': 0.01}
{'loss': 4.7561, 'learning_rate': 9.9241218580678e-06, 'epoch': 0.01}
{'loss': 4.578, 'learning_rate': 1.0777925148845882e-05, 'epoch': 0.02}
{'loss': 5.0957, 'learning_rate': 1.151752320039361e-05, 'epoch': 0.02}
{'loss': 5.6061, 'learning_rate': 1.2169894915873196e-05, 'epoch': 0.02}
{'loss': 5.1235, 'learning_rate': 1.2753461300968181e-05, 'epoch': 0.02}
{'loss': 4.7902, 'learning_rate': 1.3281361309276764e-05, 'epoch': 0.03}
{'loss': 4.8536, 'learning_rate': 1.3763296258199003e-05, 'epoch': 0.03}
{'loss': 4.9929, 'learning_rate': 1.4206633435116006e-05, 'epoch': 0.03}
{'loss': 4.7593, 'learning_rate': 1.4617099548977085e-05, 'epoch': 0.03}
{'loss': 4.766, 'learning_rate': 1.4999234358773573e-05, 'epoch': 0.04}
{'loss': 4.5476, 'learning_rate': 1.535669760052481e-05, 'epoch': 0.04}
{'loss': 4.6948, 'learning_rate': 1.5692482701615856e-05, 'epoch': 0.04}
{'loss': 4.595, 'learning_rate': 1.6009069316004395e-05, 'epoch': 0.04}
{'loss': 4.7014, 'learning_rate': 1.630853456322561e-05, 'epoch': 0.05}
{'loss': 4.5658, 'learning_rate': 1.6592635701099386e-05, 'epoch': 0.05}
{'loss': 5.6074, 'learning_rate': 1.686287260678248e-05, 'epoch': 0.05}
{'loss': 6.0386, 'learning_rate': 1.7120535709407968e-05, 'epoch': 0.05}
{'loss': 6.0381, 'learning_rate': 1.7366743259101516e-05, 'epoch': 0.06}
{'loss': 5.3018, 'learning_rate': 1.760247065833021e-05, 'epoch': 0.06}
{'loss': 4.4275, 'learning_rate': 1.7828573801673954e-05, 'epoch': 0.06}
{'loss': 4.6135, 'learning_rate': 1.804580783524721e-05, 'epoch': 0.06}
{'loss': 4.5166, 'learning_rate': 1.825484237380979e-05, 'epoch': 0.07}
{'loss': 4.2705, 'learning_rate': 1.845627394910829e-05, 'epoch': 0.07}
{'loss': 4.2823, 'learning_rate': 1.8650636272817683e-05, 'epoch': 0.07}
{'loss': 4.3481, 'learning_rate': 1.8838408758904777e-05, 'epoch': 0.07}
{'loss': 4.4878, 'learning_rate': 1.9020023648061754e-05, 'epoch': 0.08}
{'loss': 4.3625, 'learning_rate': 1.9195872000656017e-05, 'epoch': 0.08}
{'loss': 4.4648, 'learning_rate': 1.936630876721336e-05, 'epoch': 0.08}
{'loss': 4.2595, 'learning_rate': 1.9531657101747062e-05, 'epoch': 0.08}
{'loss': 4.5137, 'learning_rate': 1.969221204968286e-05, 'epoch': 0.09}
{'loss': 4.4314, 'learning_rate': 1.98482437161356e-05, 'epoch': 0.09}
{'loss': 4.2139, 'learning_rate': 2e-05, 'epoch': 0.09}
{'loss': 3.991, 'learning_rate': 2e-05, 'epoch': 0.09}
{'loss': 4.2283, 'learning_rate': 1.9983065198983912e-05, 'epoch': 0.1}
{'loss': 3.8588, 'learning_rate': 1.9966130397967826e-05, 'epoch': 0.1}
{'loss': 4.0077, 'learning_rate': 1.9949195596951736e-05, 'epoch': 0.1}
{'loss': 4.1094, 'learning_rate': 1.993226079593565e-05, 'epoch': 0.1}
{'loss': 4.0585, 'learning_rate': 1.991532599491956e-05, 'epoch': 0.11}
{'loss': 4.0116, 'learning_rate': 1.989839119390347e-05, 'epoch': 0.11}
{'loss': 3.895, 'learning_rate': 1.9881456392887385e-05, 'epoch': 0.11}
{'loss': 3.8818, 'learning_rate': 1.98645215918713e-05, 'epoch': 0.11}
{'loss': 3.6873, 'learning_rate': 1.984758679085521e-05, 'epoch': 0.12}
{'loss': 3.8473, 'learning_rate': 1.983065198983912e-05, 'epoch': 0.12}
{'loss': 3.9067, 'learning_rate': 1.9813717188823034e-05, 'epoch': 0.12}
{'loss': 3.6554, 'learning_rate': 1.9796782387806944e-05, 'epoch': 0.12}
{'loss': 3.9253, 'learning_rate': 1.9779847586790858e-05, 'epoch': 0.13}
{'loss': 3.9398, 'learning_rate': 1.976291278577477e-05, 'epoch': 0.13}
{'loss': 4.2175, 'learning_rate': 1.974597798475868e-05, 'epoch': 0.13}
{'loss': 4.0962, 'learning_rate': 1.9729043183742593e-05, 'epoch': 0.13}
{'loss': 3.7052, 'learning_rate': 1.9712108382726503e-05, 'epoch': 0.14}
{'loss': 3.7561, 'learning_rate': 1.9695173581710417e-05, 'epoch': 0.14}
{'loss': 3.7256, 'learning_rate': 1.9678238780694328e-05, 'epoch': 0.14}
{'loss': 3.6768, 'learning_rate': 1.966130397967824e-05, 'epoch': 0.14}
{'loss': 3.8009, 'learning_rate': 1.9644369178662152e-05, 'epoch': 0.15}
{'loss': 3.8156, 'learning_rate': 1.9627434377646063e-05, 'epoch': 0.15}
{'loss': 3.9424, 'learning_rate': 1.9610499576629976e-05, 'epoch': 0.15}
{'loss': 3.6456, 'learning_rate': 1.959356477561389e-05, 'epoch': 0.15}
{'loss': 3.5328, 'learning_rate': 1.95766299745978e-05, 'epoch': 0.16}
{'loss': 3.7675, 'learning_rate': 1.955969517358171e-05, 'epoch': 0.16}
{'loss': 3.6409, 'learning_rate': 1.9542760372565625e-05, 'epoch': 0.16}
{'loss': 3.7, 'learning_rate': 1.9525825571549536e-05, 'epoch': 0.16}
{'loss': 3.5612, 'learning_rate': 1.950889077053345e-05, 'epoch': 0.16}
{'loss': 3.6816, 'learning_rate': 1.949195596951736e-05, 'epoch': 0.17}
{'loss': 3.6459, 'learning_rate': 1.947502116850127e-05, 'epoch': 0.17}
{'loss': 3.809, 'learning_rate': 1.9458086367485184e-05, 'epoch': 0.17}
{'loss': 3.8311, 'learning_rate': 1.9441151566469098e-05, 'epoch': 0.17}
{'loss': 3.7852, 'learning_rate': 1.942421676545301e-05, 'epoch': 0.18}
{'loss': 3.5133, 'learning_rate': 1.940728196443692e-05, 'epoch': 0.18}
{'loss': 3.4183, 'learning_rate': 1.939034716342083e-05, 'epoch': 0.18}
{'loss': 3.6757, 'learning_rate': 1.9373412362404743e-05, 'epoch': 0.18}
{'loss': 3.4845, 'learning_rate': 1.9356477561388657e-05, 'epoch': 0.19}
{'loss': 3.604, 'learning_rate': 1.9339542760372568e-05, 'epoch': 0.19}
{'loss': 3.8137, 'learning_rate': 1.9322607959356478e-05, 'epoch': 0.19}
{'loss': 3.6361, 'learning_rate': 1.930567315834039e-05, 'epoch': 0.19}
{'loss': 3.6121, 'learning_rate': 1.9288738357324302e-05, 'epoch': 0.2}
{'loss': 3.3821, 'learning_rate': 1.9271803556308216e-05, 'epoch': 0.2}
{'loss': 3.5187, 'learning_rate': 1.9254868755292127e-05, 'epoch': 0.2}
{'loss': 3.5332, 'learning_rate': 1.9237933954276037e-05, 'epoch': 0.2}
{'loss': 3.7286, 'learning_rate': 1.922099915325995e-05, 'epoch': 0.21}
{'loss': 3.3937, 'learning_rate': 1.920406435224386e-05, 'epoch': 0.21}
{'loss': 3.604, 'learning_rate': 1.9187129551227775e-05, 'epoch': 0.21}
{'loss': 3.396, 'learning_rate': 1.9170194750211686e-05, 'epoch': 0.21}
{'loss': 3.4548, 'learning_rate': 1.91532599491956e-05, 'epoch': 0.22}
{'loss': 3.4183, 'learning_rate': 1.913632514817951e-05, 'epoch': 0.22}
{'loss': 3.3875, 'learning_rate': 1.911939034716342e-05, 'epoch': 0.22}
{'loss': 3.4803, 'learning_rate': 1.9102455546147335e-05, 'epoch': 0.22}
{'loss': 3.3792, 'learning_rate': 1.9085520745131245e-05, 'epoch': 0.23}
{'loss': 3.4363, 'learning_rate': 1.906858594411516e-05, 'epoch': 0.23}
{'loss': 3.3313, 'learning_rate': 1.905165114309907e-05, 'epoch': 0.23}
{'loss': 3.5343, 'learning_rate': 1.9034716342082983e-05, 'epoch': 0.23}
{'loss': 3.13, 'learning_rate': 1.9017781541066894e-05, 'epoch': 0.24}
{'loss': 3.3629, 'learning_rate': 1.9000846740050808e-05, 'epoch': 0.24}
{'loss': 3.5135, 'learning_rate': 1.8983911939034718e-05, 'epoch': 0.24}
{'loss': 3.4344, 'learning_rate': 1.896697713801863e-05, 'epoch': 0.24}
{'loss': 3.6199, 'learning_rate': 1.8950042337002542e-05, 'epoch': 0.25}
{'loss': 3.5239, 'learning_rate': 1.8933107535986456e-05, 'epoch': 0.25}
{'loss': 3.441, 'learning_rate': 1.8916172734970367e-05, 'epoch': 0.25}
{'loss': 3.4736, 'learning_rate': 1.8899237933954277e-05, 'epoch': 0.25}
{'loss': 3.4458, 'learning_rate': 1.8882303132938188e-05, 'epoch': 0.26}
{'loss': 3.4611, 'learning_rate': 1.88653683319221e-05, 'epoch': 0.26}
{'loss': 3.5068, 'learning_rate': 1.8848433530906015e-05, 'epoch': 0.26}
{'loss': 3.3989, 'learning_rate': 1.8831498729889926e-05, 'epoch': 0.26}
{'loss': 3.3655, 'learning_rate': 1.8814563928873836e-05, 'epoch': 0.27}
{'loss': 3.3315, 'learning_rate': 1.8797629127857747e-05, 'epoch': 0.27}
{'loss': 3.2993, 'learning_rate': 1.878069432684166e-05, 'epoch': 0.27}
{'loss': 3.4833, 'learning_rate': 1.8763759525825574e-05, 'epoch': 0.27}
{'loss': 3.201, 'learning_rate': 1.8746824724809485e-05, 'epoch': 0.28}
{'loss': 3.1855, 'learning_rate': 1.8729889923793395e-05, 'epoch': 0.28}
{'loss': 3.54, 'learning_rate': 1.871295512277731e-05, 'epoch': 0.28}
{'loss': 3.3168, 'learning_rate': 1.869602032176122e-05, 'epoch': 0.28}
{'loss': 3.3998, 'learning_rate': 1.8679085520745134e-05, 'epoch': 0.29}
{'loss': 3.3378, 'learning_rate': 1.8662150719729044e-05, 'epoch': 0.29}
{'loss': 3.2292, 'learning_rate': 1.8645215918712955e-05, 'epoch': 0.29}
{'loss': 3.266, 'learning_rate': 1.862828111769687e-05, 'epoch': 0.29}
{'loss': 3.1398, 'learning_rate': 1.8611346316680782e-05, 'epoch': 0.3}
{'loss': 3.3143, 'learning_rate': 1.8594411515664693e-05, 'epoch': 0.3}
{'loss': 3.0274, 'learning_rate': 1.8577476714648603e-05, 'epoch': 0.3}
{'loss': 3.2433, 'learning_rate': 1.8560541913632517e-05, 'epoch': 0.3}
{'loss': 3.4028, 'learning_rate': 1.8543607112616428e-05, 'epoch': 0.31}
{'loss': 3.0078, 'learning_rate': 1.852667231160034e-05, 'epoch': 0.31}
{'loss': 3.1222, 'learning_rate': 1.8509737510584252e-05, 'epoch': 0.31}
{'loss': 3.0601, 'learning_rate': 1.8492802709568166e-05, 'epoch': 0.31}
{'loss': 3.1908, 'learning_rate': 1.8475867908552076e-05, 'epoch': 0.31}
{'loss': 3.1553, 'learning_rate': 1.8458933107535987e-05, 'epoch': 0.32}
{'loss': 3.0712, 'learning_rate': 1.84419983065199e-05, 'epoch': 0.32}
{'loss': 3.1085, 'learning_rate': 1.842506350550381e-05, 'epoch': 0.32}
{'loss': 3.2663, 'learning_rate': 1.8408128704487725e-05, 'epoch': 0.32}
{'loss': 3.1305, 'learning_rate': 1.8391193903471635e-05, 'epoch': 0.33}
{'loss': 3.2794, 'learning_rate': 1.8374259102455546e-05, 'epoch': 0.33}
{'loss': 3.2827, 'learning_rate': 1.835732430143946e-05, 'epoch': 0.33}
{'loss': 3.0817, 'learning_rate': 1.8340389500423374e-05, 'epoch': 0.33}
{'loss': 3.0774, 'learning_rate': 1.8323454699407284e-05, 'epoch': 0.34}
{'loss': 3.2507, 'learning_rate': 1.8306519898391194e-05, 'epoch': 0.34}
{'loss': 3.2603, 'learning_rate': 1.8289585097375105e-05, 'epoch': 0.34}
{'loss': 3.0945, 'learning_rate': 1.827265029635902e-05, 'epoch': 0.34}
{'loss': 2.9503, 'learning_rate': 1.8255715495342933e-05, 'epoch': 0.35}
{'loss': 3.1194, 'learning_rate': 1.8238780694326843e-05, 'epoch': 0.35}
{'loss': 3.0574, 'learning_rate': 1.8221845893310754e-05, 'epoch': 0.35}
{'loss': 3.1055, 'learning_rate': 1.8204911092294667e-05, 'epoch': 0.35}
{'loss': 3.1584, 'learning_rate': 1.8187976291278578e-05, 'epoch': 0.36}
{'loss': 3.0505, 'learning_rate': 1.8171041490262492e-05, 'epoch': 0.36}
{'loss': 3.1173, 'learning_rate': 1.8154106689246402e-05, 'epoch': 0.36}
{'loss': 3.2566, 'learning_rate': 1.8137171888230313e-05, 'epoch': 0.36}
{'loss': 3.111, 'learning_rate': 1.8120237087214227e-05, 'epoch': 0.37}
{'loss': 3.3067, 'learning_rate': 1.810330228619814e-05, 'epoch': 0.37}
{'loss': 2.9972, 'learning_rate': 1.808636748518205e-05, 'epoch': 0.37}
{'loss': 3.1031, 'learning_rate': 1.806943268416596e-05, 'epoch': 0.37}
{'loss': 3.1055, 'learning_rate': 1.8052497883149875e-05, 'epoch': 0.38}
{'loss': 2.8615, 'learning_rate': 1.8035563082133786e-05, 'epoch': 0.38}
{'loss': 3.2689, 'learning_rate': 1.80186282811177e-05, 'epoch': 0.38}
{'loss': 3.0615, 'learning_rate': 1.800169348010161e-05, 'epoch': 0.38}
{'loss': 3.0013, 'learning_rate': 1.7984758679085524e-05, 'epoch': 0.39}
{'loss': 3.1565, 'learning_rate': 1.7967823878069434e-05, 'epoch': 0.39}
{'loss': 3.0612, 'learning_rate': 1.7950889077053345e-05, 'epoch': 0.39}
{'loss': 3.0134, 'learning_rate': 1.793395427603726e-05, 'epoch': 0.39}
{'loss': 2.9341, 'learning_rate': 1.791701947502117e-05, 'epoch': 0.4}
{'loss': 3.248, 'learning_rate': 1.7900084674005083e-05, 'epoch': 0.4}
{'loss': 3.0792, 'learning_rate': 1.7883149872988994e-05, 'epoch': 0.4}
{'loss': 3.0446, 'learning_rate': 1.7866215071972904e-05, 'epoch': 0.4}
{'loss': 2.9224, 'learning_rate': 1.7849280270956818e-05, 'epoch': 0.41}
{'loss': 3.078, 'learning_rate': 1.7832345469940732e-05, 'epoch': 0.41}
{'loss': 3.1576, 'learning_rate': 1.7815410668924642e-05, 'epoch': 0.41}
{'loss': 3.076, 'learning_rate': 1.7798475867908553e-05, 'epoch': 0.41}
{'loss': 3.1483, 'learning_rate': 1.7781541066892463e-05, 'epoch': 0.42}
{'loss': 2.9286, 'learning_rate': 1.7764606265876377e-05, 'epoch': 0.42}
{'loss': 3.1133, 'learning_rate': 1.774767146486029e-05, 'epoch': 0.42}
{'loss': 2.9821, 'learning_rate': 1.77307366638442e-05, 'epoch': 0.42}
{'loss': 3.0381, 'learning_rate': 1.7713801862828112e-05, 'epoch': 0.43}
{'loss': 2.8284, 'learning_rate': 1.7696867061812026e-05, 'epoch': 0.43}
{'loss': 2.8481, 'learning_rate': 1.7679932260795936e-05, 'epoch': 0.43}
{'loss': 2.9166, 'learning_rate': 1.766299745977985e-05, 'epoch': 0.43}
{'loss': 2.9331, 'learning_rate': 1.764606265876376e-05, 'epoch': 0.44}
{'loss': 3.0138, 'learning_rate': 1.762912785774767e-05, 'epoch': 0.44}
{'loss': 2.9543, 'learning_rate': 1.7612193056731585e-05, 'epoch': 0.44}
{'loss': 2.9806, 'learning_rate': 1.75952582557155e-05, 'epoch': 0.44}
{'loss': 3.0839, 'learning_rate': 1.757832345469941e-05, 'epoch': 0.45}
{'loss': 3.0171, 'learning_rate': 1.756138865368332e-05, 'epoch': 0.45}
{'loss': 2.9271, 'learning_rate': 1.7544453852667233e-05, 'epoch': 0.45}
{'loss': 2.8206, 'learning_rate': 1.7527519051651144e-05, 'epoch': 0.45}
{'loss': 2.872, 'learning_rate': 1.7510584250635058e-05, 'epoch': 0.46}
{'loss': 2.9618, 'learning_rate': 1.7493649449618968e-05, 'epoch': 0.46}
{'loss': 2.8712, 'learning_rate': 1.747671464860288e-05, 'epoch': 0.46}
{'loss': 2.8831, 'learning_rate': 1.7459779847586793e-05, 'epoch': 0.46}
{'loss': 2.9197, 'learning_rate': 1.7442845046570703e-05, 'epoch': 0.47}
{'loss': 2.7322, 'learning_rate': 1.7425910245554617e-05, 'epoch': 0.47}
{'loss': 2.8951, 'learning_rate': 1.7408975444538527e-05, 'epoch': 0.47}
{'loss': 3.0306, 'learning_rate': 1.739204064352244e-05, 'epoch': 0.47}
{'loss': 2.8607, 'learning_rate': 1.7375105842506352e-05, 'epoch': 0.47}
{'loss': 2.903, 'learning_rate': 1.7358171041490262e-05, 'epoch': 0.48}
{'loss': 2.9583, 'learning_rate': 1.7341236240474176e-05, 'epoch': 0.48}
{'loss': 2.824, 'learning_rate': 1.732430143945809e-05, 'epoch': 0.48}
{'loss': 2.9725, 'learning_rate': 1.7307366638442e-05, 'epoch': 0.48}
{'loss': 2.8807, 'learning_rate': 1.729043183742591e-05, 'epoch': 0.49}
{'loss': 2.9912, 'learning_rate': 1.7273497036409825e-05, 'epoch': 0.49}
{'loss': 2.7485, 'learning_rate': 1.7256562235393735e-05, 'epoch': 0.49}
{'loss': 2.8347, 'learning_rate': 1.723962743437765e-05, 'epoch': 0.49}
{'loss': 2.9805, 'learning_rate': 1.722269263336156e-05, 'epoch': 0.5}
{'loss': 2.8499, 'learning_rate': 1.720575783234547e-05, 'epoch': 0.5}
{'loss': 3.0107, 'learning_rate': 1.7188823031329384e-05, 'epoch': 0.5}
{'loss': 2.8433, 'learning_rate': 1.7171888230313298e-05, 'epoch': 0.5}
{'loss': 2.7762, 'learning_rate': 1.7154953429297208e-05, 'epoch': 0.51}
{'loss': 2.9409, 'learning_rate': 1.713801862828112e-05, 'epoch': 0.51}
{'loss': 2.8517, 'learning_rate': 1.712108382726503e-05, 'epoch': 0.51}
{'loss': 3.017, 'learning_rate': 1.7104149026248943e-05, 'epoch': 0.51}
{'loss': 2.5774, 'learning_rate': 1.7087214225232857e-05, 'epoch': 0.52}
{'loss': 2.9203, 'learning_rate': 1.7070279424216767e-05, 'epoch': 0.52}
{'loss': 3.0082, 'learning_rate': 1.7053344623200678e-05, 'epoch': 0.52}
{'loss': 3.1451, 'learning_rate': 1.7036409822184588e-05, 'epoch': 0.52}
{'loss': 3.1548, 'learning_rate': 1.7019475021168502e-05, 'epoch': 0.53}
{'loss': 2.7938, 'learning_rate': 1.7002540220152416e-05, 'epoch': 0.53}
{'loss': 2.836, 'learning_rate': 1.6985605419136326e-05, 'epoch': 0.53}
{'loss': 2.719, 'learning_rate': 1.6968670618120237e-05, 'epoch': 0.53}
{'loss': 2.8657, 'learning_rate': 1.695173581710415e-05, 'epoch': 0.54}
{'loss': 2.8185, 'learning_rate': 1.693480101608806e-05, 'epoch': 0.54}
{'loss': 2.9623, 'learning_rate': 1.6917866215071975e-05, 'epoch': 0.54}
{'loss': 2.9552, 'learning_rate': 1.6900931414055886e-05, 'epoch': 0.54}
{'loss': 2.999, 'learning_rate': 1.68839966130398e-05, 'epoch': 0.55}
{'loss': 2.8461, 'learning_rate': 1.686706181202371e-05, 'epoch': 0.55}
{'loss': 2.8539, 'learning_rate': 1.685012701100762e-05, 'epoch': 0.55}
{'loss': 2.5147, 'learning_rate': 1.6833192209991534e-05, 'epoch': 0.55}
{'loss': 3.062, 'learning_rate': 1.6816257408975445e-05, 'epoch': 0.56}
{'loss': 2.8925, 'learning_rate': 1.679932260795936e-05, 'epoch': 0.56}
{'loss': 2.5566, 'learning_rate': 1.678238780694327e-05, 'epoch': 0.56}
{'loss': 2.8407, 'learning_rate': 1.6765453005927183e-05, 'epoch': 0.56}
{'loss': 2.6168, 'learning_rate': 1.6748518204911093e-05, 'epoch': 0.57}
{'loss': 2.7896, 'learning_rate': 1.6731583403895007e-05, 'epoch': 0.57}
{'loss': 2.8331, 'learning_rate': 1.6714648602878918e-05, 'epoch': 0.57}
{'loss': 2.8915, 'learning_rate': 1.6697713801862828e-05, 'epoch': 0.57}
{'loss': 2.9426, 'learning_rate': 1.6680779000846742e-05, 'epoch': 0.58}
{'loss': 2.9758, 'learning_rate': 1.6663844199830656e-05, 'epoch': 0.58}
{'loss': 2.8523, 'learning_rate': 1.6646909398814566e-05, 'epoch': 0.58}
{'loss': 2.6812, 'learning_rate': 1.6629974597798477e-05, 'epoch': 0.58}
{'loss': 2.7754, 'learning_rate': 1.6613039796782387e-05, 'epoch': 0.59}
{'loss': 2.6534, 'learning_rate': 1.65961049957663e-05, 'epoch': 0.59}
{'loss': 2.8247, 'learning_rate': 1.6579170194750215e-05, 'epoch': 0.59}
{'loss': 2.787, 'learning_rate': 1.6562235393734126e-05, 'epoch': 0.59}
{'loss': 2.6949, 'learning_rate': 1.6545300592718036e-05, 'epoch': 0.6}
{'loss': 2.9791, 'learning_rate': 1.6528365791701946e-05, 'epoch': 0.6}
{'loss': 2.8865, 'learning_rate': 1.651143099068586e-05, 'epoch': 0.6}
{'loss': 2.6911, 'learning_rate': 1.6494496189669774e-05, 'epoch': 0.6}
{'loss': 2.4282, 'learning_rate': 1.6477561388653685e-05, 'epoch': 0.61}
{'loss': 2.8871, 'learning_rate': 1.6460626587637595e-05, 'epoch': 0.61}
{'loss': 2.6583, 'learning_rate': 1.644369178662151e-05, 'epoch': 0.61}
{'loss': 2.736, 'learning_rate': 1.642675698560542e-05, 'epoch': 0.61}
{'loss': 2.8322, 'learning_rate': 1.6409822184589333e-05, 'epoch': 0.62}
{'loss': 2.7637, 'learning_rate': 1.6392887383573244e-05, 'epoch': 0.62}
{'loss': 2.7348, 'learning_rate': 1.6375952582557154e-05, 'epoch': 0.62}
{'loss': 2.674, 'learning_rate': 1.6359017781541068e-05, 'epoch': 0.62}
{'loss': 2.9341, 'learning_rate': 1.6342082980524982e-05, 'epoch': 0.63}
{'loss': 2.7086, 'learning_rate': 1.6325148179508892e-05, 'epoch': 0.63}
{'loss': 2.6183, 'learning_rate': 1.6308213378492803e-05, 'epoch': 0.63}
{'loss': 2.5581, 'learning_rate': 1.6291278577476717e-05, 'epoch': 0.63}
{'loss': 2.8516, 'learning_rate': 1.6274343776460627e-05, 'epoch': 0.63}
{'loss': 2.7366, 'learning_rate': 1.625740897544454e-05, 'epoch': 0.64}
{'loss': 2.9054, 'learning_rate': 1.624047417442845e-05, 'epoch': 0.64}
{'loss': 2.7192, 'learning_rate': 1.6223539373412365e-05, 'epoch': 0.64}
{'loss': 2.8859, 'learning_rate': 1.6206604572396276e-05, 'epoch': 0.64}
{'loss': 2.6822, 'learning_rate': 1.6189669771380186e-05, 'epoch': 0.65}
{'loss': 2.765, 'learning_rate': 1.61727349703641e-05, 'epoch': 0.65}
{'loss': 2.7671, 'learning_rate': 1.615580016934801e-05, 'epoch': 0.65}
{'loss': 2.6835, 'learning_rate': 1.6138865368331925e-05, 'epoch': 0.65}
{'loss': 2.7891, 'learning_rate': 1.6121930567315835e-05, 'epoch': 0.66}
{'loss': 2.861, 'learning_rate': 1.6104995766299746e-05, 'epoch': 0.66}
{'loss': 2.7551, 'learning_rate': 1.608806096528366e-05, 'epoch': 0.66}
{'loss': 2.6257, 'learning_rate': 1.6071126164267573e-05, 'epoch': 0.66}
{'loss': 2.7952, 'learning_rate': 1.6054191363251484e-05, 'epoch': 0.67}
{'loss': 2.5923, 'learning_rate': 1.6037256562235394e-05, 'epoch': 0.67}
{'loss': 2.6203, 'learning_rate': 1.6020321761219305e-05, 'epoch': 0.67}
{'loss': 2.7466, 'learning_rate': 1.600338696020322e-05, 'epoch': 0.67}
{'loss': 2.9048, 'learning_rate': 1.5986452159187132e-05, 'epoch': 0.68}
{'loss': 2.8353, 'learning_rate': 1.5969517358171043e-05, 'epoch': 0.68}
{'loss': 2.7272, 'learning_rate': 1.5952582557154953e-05, 'epoch': 0.68}
{'loss': 2.7654, 'learning_rate': 1.5935647756138867e-05, 'epoch': 0.68}
{'loss': 2.5828, 'learning_rate': 1.5918712955122778e-05, 'epoch': 0.69}
{'loss': 2.7422, 'learning_rate': 1.590177815410669e-05, 'epoch': 0.69}
{'loss': 2.8527, 'learning_rate': 1.5884843353090602e-05, 'epoch': 0.69}
{'loss': 2.7047, 'learning_rate': 1.5867908552074512e-05, 'epoch': 0.69}
{'loss': 2.7013, 'learning_rate': 1.5850973751058426e-05, 'epoch': 0.7}
{'loss': 2.7283, 'learning_rate': 1.583403895004234e-05, 'epoch': 0.7}
{'loss': 2.5941, 'learning_rate': 1.581710414902625e-05, 'epoch': 0.7}
{'loss': 2.7406, 'learning_rate': 1.580016934801016e-05, 'epoch': 0.7}
{'loss': 2.6181, 'learning_rate': 1.5783234546994075e-05, 'epoch': 0.71}
{'loss': 2.5934, 'learning_rate': 1.5766299745977985e-05, 'epoch': 0.71}
{'loss': 2.6659, 'learning_rate': 1.57493649449619e-05, 'epoch': 0.71}
{'loss': 2.5933, 'learning_rate': 1.573243014394581e-05, 'epoch': 0.71}
{'loss': 2.6063, 'learning_rate': 1.571549534292972e-05, 'epoch': 0.72}
{'loss': 2.7102, 'learning_rate': 1.5698560541913634e-05, 'epoch': 0.72}
{'loss': 2.8715, 'learning_rate': 1.5681625740897545e-05, 'epoch': 0.72}
{'loss': 2.7957, 'learning_rate': 1.566469093988146e-05, 'epoch': 0.72}
{'loss': 2.6558, 'learning_rate': 1.564775613886537e-05, 'epoch': 0.73}
{'loss': 2.5859, 'learning_rate': 1.5630821337849283e-05, 'epoch': 0.73}
{'loss': 2.6716, 'learning_rate': 1.5613886536833193e-05, 'epoch': 0.73}
{'loss': 2.6245, 'learning_rate': 1.5596951735817104e-05, 'epoch': 0.73}
{'loss': 2.5621, 'learning_rate': 1.5580016934801018e-05, 'epoch': 0.74}
{'loss': 2.6594, 'learning_rate': 1.556308213378493e-05, 'epoch': 0.74}
{'loss': 2.6902, 'learning_rate': 1.5546147332768842e-05, 'epoch': 0.74}
{'loss': 2.6691, 'learning_rate': 1.5529212531752752e-05, 'epoch': 0.74}
{'loss': 2.5629, 'learning_rate': 1.5512277730736663e-05, 'epoch': 0.75}
{'loss': 2.7302, 'learning_rate': 1.5495342929720577e-05, 'epoch': 0.75}
{'loss': 2.6997, 'learning_rate': 1.547840812870449e-05, 'epoch': 0.75}
{'loss': 2.5876, 'learning_rate': 1.54614733276884e-05, 'epoch': 0.75}
{'loss': 2.616, 'learning_rate': 1.544453852667231e-05, 'epoch': 0.76}
{'loss': 2.8204, 'learning_rate': 1.5427603725656225e-05, 'epoch': 0.76}
{'loss': 2.5377, 'learning_rate': 1.5410668924640136e-05, 'epoch': 0.76}
{'loss': 2.5452, 'learning_rate': 1.539373412362405e-05, 'epoch': 0.76}
{'loss': 2.5594, 'learning_rate': 1.537679932260796e-05, 'epoch': 0.77}
{'loss': 2.8032, 'learning_rate': 1.535986452159187e-05, 'epoch': 0.77}
{'loss': 2.8289, 'learning_rate': 1.5342929720575785e-05, 'epoch': 0.77}
{'loss': 2.7032, 'learning_rate': 1.53259949195597e-05, 'epoch': 0.77}
{'loss': 2.741, 'learning_rate': 1.530906011854361e-05, 'epoch': 0.78}
{'loss': 2.5562, 'learning_rate': 1.529212531752752e-05, 'epoch': 0.78}
{'loss': 2.576, 'learning_rate': 1.527519051651143e-05, 'epoch': 0.78}
{'loss': 2.5641, 'learning_rate': 1.5258255715495345e-05, 'epoch': 0.78}
{'loss': 2.6796, 'learning_rate': 1.5241320914479256e-05, 'epoch': 0.78}
{'loss': 2.5278, 'learning_rate': 1.5224386113463168e-05, 'epoch': 0.79}
{'loss': 2.6626, 'learning_rate': 1.5207451312447078e-05, 'epoch': 0.79}
{'loss': 2.5832, 'learning_rate': 1.5190516511430992e-05, 'epoch': 0.79}
{'loss': 2.8043, 'learning_rate': 1.5173581710414904e-05, 'epoch': 0.79}
{'loss': 2.7955, 'learning_rate': 1.5156646909398815e-05, 'epoch': 0.8}
{'loss': 2.5956, 'learning_rate': 1.5139712108382727e-05, 'epoch': 0.8}
{'loss': 2.8003, 'learning_rate': 1.5122777307366641e-05, 'epoch': 0.8}
{'loss': 2.5773, 'learning_rate': 1.5105842506350551e-05, 'epoch': 0.8}
{'loss': 2.6107, 'learning_rate': 1.5088907705334464e-05, 'epoch': 0.81}
{'loss': 2.7281, 'learning_rate': 1.5071972904318374e-05, 'epoch': 0.81}
{'loss': 2.6622, 'learning_rate': 1.5055038103302286e-05, 'epoch': 0.81}
{'loss': 2.618, 'learning_rate': 1.50381033022862e-05, 'epoch': 0.81}
{'loss': 2.6286, 'learning_rate': 1.502116850127011e-05, 'epoch': 0.82}
{'loss': 2.6059, 'learning_rate': 1.5004233700254023e-05, 'epoch': 0.82}
{'loss': 2.8123, 'learning_rate': 1.4987298899237935e-05, 'epoch': 0.82}
{'loss': 2.6602, 'learning_rate': 1.4970364098221847e-05, 'epoch': 0.82}
{'loss': 2.5886, 'learning_rate': 1.495342929720576e-05, 'epoch': 0.83}
{'loss': 2.606, 'learning_rate': 1.4936494496189671e-05, 'epoch': 0.83}
{'loss': 2.5853, 'learning_rate': 1.4919559695173582e-05, 'epoch': 0.83}
{'loss': 2.7972, 'learning_rate': 1.4902624894157496e-05, 'epoch': 0.83}
{'loss': 2.5728, 'learning_rate': 1.4885690093141408e-05, 'epoch': 0.84}
{'loss': 2.6376, 'learning_rate': 1.4868755292125318e-05, 'epoch': 0.84}
{'loss': 2.7223, 'learning_rate': 1.485182049110923e-05, 'epoch': 0.84}
{'loss': 2.6013, 'learning_rate': 1.4834885690093144e-05, 'epoch': 0.84}
{'loss': 2.5496, 'learning_rate': 1.4817950889077055e-05, 'epoch': 0.85}
{'loss': 2.5737, 'learning_rate': 1.4801016088060967e-05, 'epoch': 0.85}
{'loss': 2.4752, 'learning_rate': 1.4784081287044878e-05, 'epoch': 0.85}
{'loss': 2.6637, 'learning_rate': 1.476714648602879e-05, 'epoch': 0.85}
{'loss': 2.6161, 'learning_rate': 1.4750211685012704e-05, 'epoch': 0.86}
{'loss': 2.5711, 'learning_rate': 1.4733276883996614e-05, 'epoch': 0.86}
{'loss': 2.6381, 'learning_rate': 1.4716342082980526e-05, 'epoch': 0.86}
{'loss': 2.6224, 'learning_rate': 1.4699407281964437e-05, 'epoch': 0.86}
{'loss': 2.6686, 'learning_rate': 1.468247248094835e-05, 'epoch': 0.87}
{'loss': 2.6924, 'learning_rate': 1.4665537679932263e-05, 'epoch': 0.87}
{'loss': 2.6495, 'learning_rate': 1.4648602878916173e-05, 'epoch': 0.87}
{'loss': 2.3134, 'learning_rate': 1.4631668077900085e-05, 'epoch': 0.87}
{'loss': 2.787, 'learning_rate': 1.4614733276884e-05, 'epoch': 0.88}
{'loss': 2.6629, 'learning_rate': 1.459779847586791e-05, 'epoch': 0.88}
{'loss': 2.4358, 'learning_rate': 1.4580863674851822e-05, 'epoch': 0.88}
{'loss': 2.4814, 'learning_rate': 1.4563928873835734e-05, 'epoch': 0.88}
{'loss': 2.6096, 'learning_rate': 1.4546994072819644e-05, 'epoch': 0.89}
{'loss': 2.4604, 'learning_rate': 1.4530059271803558e-05, 'epoch': 0.89}
{'loss': 2.5955, 'learning_rate': 1.451312447078747e-05, 'epoch': 0.89}
{'loss': 2.658, 'learning_rate': 1.4496189669771381e-05, 'epoch': 0.89}
{'loss': 2.7405, 'learning_rate': 1.4479254868755293e-05, 'epoch': 0.9}
{'loss': 2.6529, 'learning_rate': 1.4462320067739207e-05, 'epoch': 0.9}
{'loss': 2.6342, 'learning_rate': 1.4445385266723117e-05, 'epoch': 0.9}
{'loss': 2.4394, 'learning_rate': 1.442845046570703e-05, 'epoch': 0.9}
{'loss': 2.4639, 'learning_rate': 1.441151566469094e-05, 'epoch': 0.91}
{'loss': 2.474, 'learning_rate': 1.4394580863674854e-05, 'epoch': 0.91}
{'loss': 2.6519, 'learning_rate': 1.4377646062658766e-05, 'epoch': 0.91}
{'loss': 2.5508, 'learning_rate': 1.4360711261642677e-05, 'epoch': 0.91}
{'loss': 2.5532, 'learning_rate': 1.4343776460626589e-05, 'epoch': 0.92}
{'loss': 2.4492, 'learning_rate': 1.43268416596105e-05, 'epoch': 0.92}
{'loss': 2.4539, 'learning_rate': 1.4309906858594413e-05, 'epoch': 0.92}
{'loss': 2.463, 'learning_rate': 1.4292972057578325e-05, 'epoch': 0.92}
{'loss': 2.4429, 'learning_rate': 1.4276037256562236e-05, 'epoch': 0.93}
{'loss': 2.6547, 'learning_rate': 1.4259102455546148e-05, 'epoch': 0.93}
{'loss': 2.5707, 'learning_rate': 1.4242167654530062e-05, 'epoch': 0.93}
{'loss': 2.5258, 'learning_rate': 1.4225232853513972e-05, 'epoch': 0.93}
{'loss': 2.5549, 'learning_rate': 1.4208298052497884e-05, 'epoch': 0.94}
{'loss': 2.511, 'learning_rate': 1.4191363251481795e-05, 'epoch': 0.94}
{'loss': 2.5935, 'learning_rate': 1.4174428450465709e-05, 'epoch': 0.94}
{'loss': 2.5123, 'learning_rate': 1.4157493649449621e-05, 'epoch': 0.94}
{'loss': 2.4158, 'learning_rate': 1.4140558848433531e-05, 'epoch': 0.94}
{'loss': 2.5879, 'learning_rate': 1.4123624047417444e-05, 'epoch': 0.95}
{'loss': 2.4929, 'learning_rate': 1.4106689246401356e-05, 'epoch': 0.95}
{'loss': 2.4898, 'learning_rate': 1.4089754445385268e-05, 'epoch': 0.95}
{'loss': 2.5867, 'learning_rate': 1.407281964436918e-05, 'epoch': 0.95}
{'loss': 2.6382, 'learning_rate': 1.4055884843353092e-05, 'epoch': 0.96}
{'loss': 2.4656, 'learning_rate': 1.4038950042337003e-05, 'epoch': 0.96}
{'loss': 2.5381, 'learning_rate': 1.4022015241320917e-05, 'epoch': 0.96}
{'loss': 2.4606, 'learning_rate': 1.4005080440304829e-05, 'epoch': 0.96}
{'loss': 2.712, 'learning_rate': 1.398814563928874e-05, 'epoch': 0.97}
{'loss': 2.6887, 'learning_rate': 1.3971210838272651e-05, 'epoch': 0.97}
{'loss': 2.5488, 'learning_rate': 1.3954276037256565e-05, 'epoch': 0.97}
{'loss': 2.5223, 'learning_rate': 1.3937341236240476e-05, 'epoch': 0.97}
{'loss': 2.4768, 'learning_rate': 1.3920406435224388e-05, 'epoch': 0.98}
{'loss': 2.6029, 'learning_rate': 1.3903471634208298e-05, 'epoch': 0.98}
{'loss': 2.538, 'learning_rate': 1.388653683319221e-05, 'epoch': 0.98}
{'loss': 2.4656, 'learning_rate': 1.3869602032176124e-05, 'epoch': 0.98}
{'loss': 2.5136, 'learning_rate': 1.3852667231160035e-05, 'epoch': 0.99}
{'loss': 2.5913, 'learning_rate': 1.3835732430143947e-05, 'epoch': 0.99}
{'loss': 2.6144, 'learning_rate': 1.3818797629127857e-05, 'epoch': 0.99}
{'loss': 2.6102, 'learning_rate': 1.3801862828111771e-05, 'epoch': 0.99}
{'loss': 2.4493, 'learning_rate': 1.3784928027095683e-05, 'epoch': 1.0}
{'loss': 2.5714, 'learning_rate': 1.3767993226079594e-05, 'epoch': 1.0}
{'loss': 2.2928, 'learning_rate': 1.3751058425063506e-05, 'epoch': 1.0}
{'loss': 2.0477, 'learning_rate': 1.373412362404742e-05, 'epoch': 1.0}
{'loss': 2.1987, 'learning_rate': 1.371718882303133e-05, 'epoch': 1.01}
{'loss': 2.2794, 'learning_rate': 1.3700254022015243e-05, 'epoch': 1.01}
{'loss': 2.1868, 'learning_rate': 1.3683319220999153e-05, 'epoch': 1.01}
{'loss': 2.0414, 'learning_rate': 1.3666384419983065e-05, 'epoch': 1.01}
{'loss': 1.9256, 'learning_rate': 1.3649449618966979e-05, 'epoch': 1.02}
{'loss': 2.0124, 'learning_rate': 1.363251481795089e-05, 'epoch': 1.02}
{'loss': 2.0482, 'learning_rate': 1.3615580016934802e-05, 'epoch': 1.02}
{'loss': 2.0984, 'learning_rate': 1.3598645215918714e-05, 'epoch': 1.02}
{'loss': 2.0781, 'learning_rate': 1.3581710414902626e-05, 'epoch': 1.03}
{'loss': 2.0354, 'learning_rate': 1.3564775613886538e-05, 'epoch': 1.03}
{'loss': 2.224, 'learning_rate': 1.354784081287045e-05, 'epoch': 1.03}
{'loss': 2.2065, 'learning_rate': 1.3530906011854361e-05, 'epoch': 1.03}
{'loss': 1.9844, 'learning_rate': 1.3513971210838275e-05, 'epoch': 1.04}
{'loss': 1.9641, 'learning_rate': 1.3497036409822187e-05, 'epoch': 1.04}
{'loss': 2.0527, 'learning_rate': 1.3480101608806097e-05, 'epoch': 1.04}
{'loss': 2.1271, 'learning_rate': 1.346316680779001e-05, 'epoch': 1.04}
{'loss': 2.0722, 'learning_rate': 1.344623200677392e-05, 'epoch': 1.05}
{'loss': 2.1109, 'learning_rate': 1.3429297205757834e-05, 'epoch': 1.05}
{'loss': 2.1152, 'learning_rate': 1.3412362404741746e-05, 'epoch': 1.05}
{'loss': 2.18, 'learning_rate': 1.3395427603725656e-05, 'epoch': 1.05}
{'loss': 2.2722, 'learning_rate': 1.3378492802709569e-05, 'epoch': 1.06}
{'loss': 1.9907, 'learning_rate': 1.3361558001693483e-05, 'epoch': 1.06}
{'loss': 2.1293, 'learning_rate': 1.3344623200677393e-05, 'epoch': 1.06}
{'loss': 1.9737, 'learning_rate': 1.3327688399661305e-05, 'epoch': 1.06}
{'loss': 2.0186, 'learning_rate': 1.3310753598645216e-05, 'epoch': 1.07}
{'loss': 2.1566, 'learning_rate': 1.329381879762913e-05, 'epoch': 1.07}
{'loss': 2.3597, 'learning_rate': 1.3276883996613042e-05, 'epoch': 1.07}
{'loss': 2.1101, 'learning_rate': 1.3259949195596952e-05, 'epoch': 1.07}
{'loss': 2.2418, 'learning_rate': 1.3243014394580864e-05, 'epoch': 1.08}
{'loss': 2.0577, 'learning_rate': 1.3226079593564776e-05, 'epoch': 1.08}
{'loss': 2.0801, 'learning_rate': 1.3209144792548689e-05, 'epoch': 1.08}
{'loss': 2.1536, 'learning_rate': 1.31922099915326e-05, 'epoch': 1.08}
{'loss': 2.0851, 'learning_rate': 1.3175275190516513e-05, 'epoch': 1.09}
{'loss': 2.0131, 'learning_rate': 1.3158340389500423e-05, 'epoch': 1.09}
{'loss': 2.1832, 'learning_rate': 1.3141405588484337e-05, 'epoch': 1.09}
{'loss': 2.0482, 'learning_rate': 1.312447078746825e-05, 'epoch': 1.09}
{'loss': 2.1077, 'learning_rate': 1.310753598645216e-05, 'epoch': 1.1}
{'loss': 2.2127, 'learning_rate': 1.3090601185436072e-05, 'epoch': 1.1}
{'loss': 2.1679, 'learning_rate': 1.3073666384419986e-05, 'epoch': 1.1}
{'loss': 2.079, 'learning_rate': 1.3056731583403896e-05, 'epoch': 1.1}
{'loss': 2.054, 'learning_rate': 1.3039796782387809e-05, 'epoch': 1.1}
{'loss': 2.1072, 'learning_rate': 1.3022861981371719e-05, 'epoch': 1.11}
{'loss': 1.9132, 'learning_rate': 1.3005927180355631e-05, 'epoch': 1.11}
{'loss': 2.0803, 'learning_rate': 1.2988992379339545e-05, 'epoch': 1.11}
{'loss': 2.0797, 'learning_rate': 1.2972057578323456e-05, 'epoch': 1.11}
{'loss': 2.1264, 'learning_rate': 1.2955122777307368e-05, 'epoch': 1.12}
{'loss': 2.2131, 'learning_rate': 1.2938187976291278e-05, 'epoch': 1.12}
{'loss': 1.9893, 'learning_rate': 1.2921253175275192e-05, 'epoch': 1.12}
{'loss': 2.0773, 'learning_rate': 1.2904318374259104e-05, 'epoch': 1.12}
{'loss': 2.0809, 'learning_rate': 1.2887383573243015e-05, 'epoch': 1.13}
{'loss': 2.1902, 'learning_rate': 1.2870448772226927e-05, 'epoch': 1.13}
{'loss': 2.2618, 'learning_rate': 1.285351397121084e-05, 'epoch': 1.13}
{'loss': 2.0436, 'learning_rate': 1.2836579170194751e-05, 'epoch': 1.13}
{'loss': 2.2591, 'learning_rate': 1.2819644369178663e-05, 'epoch': 1.14}
{'loss': 1.9618, 'learning_rate': 1.2802709568162574e-05, 'epoch': 1.14}
{'loss': 2.0972, 'learning_rate': 1.2785774767146486e-05, 'epoch': 1.14}
{'loss': 2.1873, 'learning_rate': 1.27688399661304e-05, 'epoch': 1.14}
{'loss': 2.0738, 'learning_rate': 1.275190516511431e-05, 'epoch': 1.15}
{'loss': 1.9831, 'learning_rate': 1.2734970364098222e-05, 'epoch': 1.15}
{'loss': 2.0817, 'learning_rate': 1.2718035563082135e-05, 'epoch': 1.15}
{'loss': 2.0171, 'learning_rate': 1.2701100762066047e-05, 'epoch': 1.15}
{'loss': 2.0708, 'learning_rate': 1.2684165961049959e-05, 'epoch': 1.16}
{'loss': 1.8793, 'learning_rate': 1.2667231160033871e-05, 'epoch': 1.16}
{'loss': 2.0284, 'learning_rate': 1.2650296359017782e-05, 'epoch': 1.16}
{'loss': 2.0993, 'learning_rate': 1.2633361558001695e-05, 'epoch': 1.16}
{'loss': 2.0876, 'learning_rate': 1.2616426756985608e-05, 'epoch': 1.17}
{'loss': 2.101, 'learning_rate': 1.2599491955969518e-05, 'epoch': 1.17}
{'loss': 2.1486, 'learning_rate': 1.258255715495343e-05, 'epoch': 1.17}
{'loss': 2.0031, 'learning_rate': 1.256562235393734e-05, 'epoch': 1.17}
{'loss': 1.9646, 'learning_rate': 1.2548687552921255e-05, 'epoch': 1.18}
{'loss': 1.9735, 'learning_rate': 1.2531752751905167e-05, 'epoch': 1.18}
{'loss': 2.1465, 'learning_rate': 1.2514817950889077e-05, 'epoch': 1.18}
{'loss': 2.1206, 'learning_rate': 1.249788314987299e-05, 'epoch': 1.18}
{'loss': 2.1397, 'learning_rate': 1.2480948348856903e-05, 'epoch': 1.19}
{'loss': 1.9803, 'learning_rate': 1.2464013547840814e-05, 'epoch': 1.19}
{'loss': 2.0769, 'learning_rate': 1.2447078746824726e-05, 'epoch': 1.19}
{'loss': 2.0258, 'learning_rate': 1.2430143945808636e-05, 'epoch': 1.19}
{'loss': 2.048, 'learning_rate': 1.241320914479255e-05, 'epoch': 1.2}
{'loss': 2.0171, 'learning_rate': 1.2396274343776462e-05, 'epoch': 1.2}
{'loss': 2.124, 'learning_rate': 1.2379339542760373e-05, 'epoch': 1.2}
{'loss': 2.0497, 'learning_rate': 1.2362404741744285e-05, 'epoch': 1.2}
{'loss': 2.0248, 'learning_rate': 1.2345469940728197e-05, 'epoch': 1.21}
{'loss': 1.9933, 'learning_rate': 1.232853513971211e-05, 'epoch': 1.21}
{'loss': 2.1752, 'learning_rate': 1.2311600338696022e-05, 'epoch': 1.21}
{'loss': 2.1895, 'learning_rate': 1.2294665537679934e-05, 'epoch': 1.21}
{'loss': 2.0801, 'learning_rate': 1.2277730736663844e-05, 'epoch': 1.22}
{'loss': 2.036, 'learning_rate': 1.2260795935647758e-05, 'epoch': 1.22}
{'loss': 2.2083, 'learning_rate': 1.224386113463167e-05, 'epoch': 1.22}
{'loss': 2.0516, 'learning_rate': 1.222692633361558e-05, 'epoch': 1.22}
{'loss': 2.0182, 'learning_rate': 1.2209991532599493e-05, 'epoch': 1.23}
{'loss': 1.9919, 'learning_rate': 1.2193056731583407e-05, 'epoch': 1.23}
{'loss': 2.1057, 'learning_rate': 1.2176121930567317e-05, 'epoch': 1.23}
{'loss': 1.9833, 'learning_rate': 1.215918712955123e-05, 'epoch': 1.23}
{'loss': 2.1455, 'learning_rate': 1.214225232853514e-05, 'epoch': 1.24}
{'loss': 1.9178, 'learning_rate': 1.2125317527519052e-05, 'epoch': 1.24}
{'loss': 1.8362, 'learning_rate': 1.2108382726502966e-05, 'epoch': 1.24}
{'loss': 2.2553, 'learning_rate': 1.2091447925486876e-05, 'epoch': 1.24}
{'loss': 2.0443, 'learning_rate': 1.2074513124470788e-05, 'epoch': 1.25}
{'loss': 2.1211, 'learning_rate': 1.2057578323454699e-05, 'epoch': 1.25}
{'loss': 2.067, 'learning_rate': 1.2040643522438613e-05, 'epoch': 1.25}
{'loss': 1.9758, 'learning_rate': 1.2023708721422525e-05, 'epoch': 1.25}
{'loss': 2.12, 'learning_rate': 1.2006773920406435e-05, 'epoch': 1.25}
{'loss': 2.2546, 'learning_rate': 1.1989839119390348e-05, 'epoch': 1.26}
{'loss': 2.1099, 'learning_rate': 1.1972904318374261e-05, 'epoch': 1.26}
{'loss': 2.0215, 'learning_rate': 1.1955969517358172e-05, 'epoch': 1.26}
{'loss': 2.0175, 'learning_rate': 1.1939034716342084e-05, 'epoch': 1.26}
{'loss': 2.0643, 'learning_rate': 1.1922099915325995e-05, 'epoch': 1.27}
{'loss': 2.0271, 'learning_rate': 1.1905165114309907e-05, 'epoch': 1.27}
{'loss': 1.9785, 'learning_rate': 1.188823031329382e-05, 'epoch': 1.27}
{'loss': 2.069, 'learning_rate': 1.1871295512277731e-05, 'epoch': 1.27}
{'loss': 2.0044, 'learning_rate': 1.1854360711261643e-05, 'epoch': 1.28}
{'loss': 2.1187, 'learning_rate': 1.1837425910245555e-05, 'epoch': 1.28}
{'loss': 2.0243, 'learning_rate': 1.1820491109229468e-05, 'epoch': 1.28}
{'loss': 1.9494, 'learning_rate': 1.180355630821338e-05, 'epoch': 1.28}
{'loss': 2.0853, 'learning_rate': 1.1786621507197292e-05, 'epoch': 1.29}
{'loss': 2.1394, 'learning_rate': 1.1769686706181202e-05, 'epoch': 1.29}
{'loss': 2.175, 'learning_rate': 1.1752751905165116e-05, 'epoch': 1.29}
{'loss': 1.942, 'learning_rate': 1.1735817104149028e-05, 'epoch': 1.29}
{'loss': 2.0782, 'learning_rate': 1.1718882303132939e-05, 'epoch': 1.3}
{'loss': 2.0807, 'learning_rate': 1.1701947502116851e-05, 'epoch': 1.3}
{'loss': 1.9388, 'learning_rate': 1.1685012701100762e-05, 'epoch': 1.3}
{'loss': 2.1345, 'learning_rate': 1.1668077900084675e-05, 'epoch': 1.3}
{'loss': 1.9869, 'learning_rate': 1.1651143099068588e-05, 'epoch': 1.31}
{'loss': 1.9695, 'learning_rate': 1.1634208298052498e-05, 'epoch': 1.31}
{'loss': 1.9363, 'learning_rate': 1.161727349703641e-05, 'epoch': 1.31}
{'loss': 2.1182, 'learning_rate': 1.1600338696020324e-05, 'epoch': 1.31}
{'loss': 2.0715, 'learning_rate': 1.1583403895004234e-05, 'epoch': 1.32}
{'loss': 2.1472, 'learning_rate': 1.1566469093988147e-05, 'epoch': 1.32}
{'loss': 2.0537, 'learning_rate': 1.1549534292972057e-05, 'epoch': 1.32}
{'loss': 2.1282, 'learning_rate': 1.1532599491955971e-05, 'epoch': 1.32}
{'loss': 2.2515, 'learning_rate': 1.1515664690939883e-05, 'epoch': 1.33}
{'loss': 1.9927, 'learning_rate': 1.1498729889923794e-05, 'epoch': 1.33}
{'loss': 2.2026, 'learning_rate': 1.1481795088907706e-05, 'epoch': 1.33}
{'loss': 2.0021, 'learning_rate': 1.146486028789162e-05, 'epoch': 1.33}
{'loss': 2.1229, 'learning_rate': 1.144792548687553e-05, 'epoch': 1.34}
{'loss': 1.9544, 'learning_rate': 1.1430990685859442e-05, 'epoch': 1.34}
{'loss': 1.9993, 'learning_rate': 1.1414055884843353e-05, 'epoch': 1.34}
{'loss': 2.0493, 'learning_rate': 1.1397121083827265e-05, 'epoch': 1.34}
{'loss': 2.0399, 'learning_rate': 1.1380186282811179e-05, 'epoch': 1.35}
{'loss': 1.9646, 'learning_rate': 1.136325148179509e-05, 'epoch': 1.35}
{'loss': 2.0709, 'learning_rate': 1.1346316680779001e-05, 'epoch': 1.35}
{'loss': 2.1033, 'learning_rate': 1.1329381879762914e-05, 'epoch': 1.35}
{'loss': 2.057, 'learning_rate': 1.1312447078746826e-05, 'epoch': 1.36}
{'loss': 1.901, 'learning_rate': 1.1295512277730738e-05, 'epoch': 1.36}
{'loss': 2.1179, 'learning_rate': 1.127857747671465e-05, 'epoch': 1.36}
{'loss': 1.9502, 'learning_rate': 1.126164267569856e-05, 'epoch': 1.36}
{'loss': 2.1719, 'learning_rate': 1.1244707874682474e-05, 'epoch': 1.37}
{'loss': 2.0754, 'learning_rate': 1.1227773073666387e-05, 'epoch': 1.37}
{'loss': 2.0102, 'learning_rate': 1.1210838272650297e-05, 'epoch': 1.37}
{'loss': 1.9926, 'learning_rate': 1.119390347163421e-05, 'epoch': 1.37}
{'loss': 2.0203, 'learning_rate': 1.117696867061812e-05, 'epoch': 1.38}
{'loss': 1.9731, 'learning_rate': 1.1160033869602034e-05, 'epoch': 1.38}
{'loss': 1.9569, 'learning_rate': 1.1143099068585946e-05, 'epoch': 1.38}
{'loss': 2.0851, 'learning_rate': 1.1126164267569856e-05, 'epoch': 1.38}
{'loss': 2.1191, 'learning_rate': 1.1109229466553768e-05, 'epoch': 1.39}
{'loss': 2.0362, 'learning_rate': 1.1092294665537682e-05, 'epoch': 1.39}
{'loss': 2.0208, 'learning_rate': 1.1075359864521593e-05, 'epoch': 1.39}
{'loss': 1.8575, 'learning_rate': 1.1058425063505505e-05, 'epoch': 1.39}
{'loss': 2.0177, 'learning_rate': 1.1041490262489415e-05, 'epoch': 1.4}
{'loss': 2.1092, 'learning_rate': 1.102455546147333e-05, 'epoch': 1.4}
{'loss': 2.1027, 'learning_rate': 1.1007620660457241e-05, 'epoch': 1.4}
{'loss': 2.2217, 'learning_rate': 1.0990685859441152e-05, 'epoch': 1.4}
{'loss': 1.9897, 'learning_rate': 1.0973751058425064e-05, 'epoch': 1.41}
{'loss': 1.837, 'learning_rate': 1.0956816257408976e-05, 'epoch': 1.41}
{'loss': 2.1486, 'learning_rate': 1.0939881456392888e-05, 'epoch': 1.41}
{'loss': 2.0489, 'learning_rate': 1.09229466553768e-05, 'epoch': 1.41}
{'loss': 1.9557, 'learning_rate': 1.0906011854360713e-05, 'epoch': 1.41}
{'loss': 2.0267, 'learning_rate': 1.0889077053344623e-05, 'epoch': 1.42}
{'loss': 2.0925, 'learning_rate': 1.0872142252328537e-05, 'epoch': 1.42}
{'loss': 1.9926, 'learning_rate': 1.085520745131245e-05, 'epoch': 1.42}
{'loss': 2.2546, 'learning_rate': 1.083827265029636e-05, 'epoch': 1.42}
{'loss': 2.0305, 'learning_rate': 1.0821337849280272e-05, 'epoch': 1.43}
{'loss': 2.0541, 'learning_rate': 1.0804403048264186e-05, 'epoch': 1.43}
{'loss': 2.1074, 'learning_rate': 1.0787468247248096e-05, 'epoch': 1.43}
{'loss': 2.1634, 'learning_rate': 1.0770533446232008e-05, 'epoch': 1.43}
{'loss': 1.8913, 'learning_rate': 1.0753598645215919e-05, 'epoch': 1.44}
{'loss': 2.1302, 'learning_rate': 1.0736663844199831e-05, 'epoch': 1.44}
{'loss': 2.181, 'learning_rate': 1.0719729043183745e-05, 'epoch': 1.44}
{'loss': 1.9719, 'learning_rate': 1.0702794242167655e-05, 'epoch': 1.44}
{'loss': 2.0391, 'learning_rate': 1.0685859441151567e-05, 'epoch': 1.45}
{'loss': 2.1398, 'learning_rate': 1.0668924640135478e-05, 'epoch': 1.45}
{'loss': 1.9965, 'learning_rate': 1.0651989839119392e-05, 'epoch': 1.45}
{'loss': 2.0656, 'learning_rate': 1.0635055038103304e-05, 'epoch': 1.45}
{'loss': 1.9626, 'learning_rate': 1.0618120237087214e-05, 'epoch': 1.46}
{'loss': 2.0713, 'learning_rate': 1.0601185436071127e-05, 'epoch': 1.46}
{'loss': 1.9194, 'learning_rate': 1.058425063505504e-05, 'epoch': 1.46}
{'loss': 2.1943, 'learning_rate': 1.0567315834038951e-05, 'epoch': 1.46}
{'loss': 2.1315, 'learning_rate': 1.0550381033022863e-05, 'epoch': 1.47}
{'loss': 2.007, 'learning_rate': 1.0533446232006774e-05, 'epoch': 1.47}
{'loss': 2.0681, 'learning_rate': 1.0516511430990686e-05, 'epoch': 1.47}
{'loss': 2.0406, 'learning_rate': 1.04995766299746e-05, 'epoch': 1.47}
{'loss': 1.8759, 'learning_rate': 1.048264182895851e-05, 'epoch': 1.48}
{'loss': 1.8544, 'learning_rate': 1.0465707027942422e-05, 'epoch': 1.48}
{'loss': 2.0934, 'learning_rate': 1.0448772226926334e-05, 'epoch': 1.48}
{'loss': 2.0475, 'learning_rate': 1.0431837425910247e-05, 'epoch': 1.48}
{'loss': 2.1114, 'learning_rate': 1.0414902624894159e-05, 'epoch': 1.49}
{'loss': 1.9971, 'learning_rate': 1.0397967823878071e-05, 'epoch': 1.49}
{'loss': 2.0869, 'learning_rate': 1.0381033022861981e-05, 'epoch': 1.49}
{'loss': 2.02, 'learning_rate': 1.0364098221845895e-05, 'epoch': 1.49}
{'loss': 2.0403, 'learning_rate': 1.0347163420829807e-05, 'epoch': 1.5}
{'loss': 2.0787, 'learning_rate': 1.0330228619813718e-05, 'epoch': 1.5}
{'loss': 1.903, 'learning_rate': 1.031329381879763e-05, 'epoch': 1.5}
{'loss': 2.0851, 'learning_rate': 1.029635901778154e-05, 'epoch': 1.5}
{'loss': 1.9171, 'learning_rate': 1.0279424216765454e-05, 'epoch': 1.51}
{'loss': 2.1119, 'learning_rate': 1.0262489415749366e-05, 'epoch': 1.51}
{'loss': 2.1564, 'learning_rate': 1.0245554614733277e-05, 'epoch': 1.51}
{'loss': 2.0584, 'learning_rate': 1.0228619813717189e-05, 'epoch': 1.51}
{'loss': 2.0691, 'learning_rate': 1.0211685012701103e-05, 'epoch': 1.52}
{'loss': 2.1685, 'learning_rate': 1.0194750211685013e-05, 'epoch': 1.52}
{'loss': 2.1001, 'learning_rate': 1.0177815410668926e-05, 'epoch': 1.52}
{'loss': 1.8935, 'learning_rate': 1.0160880609652836e-05, 'epoch': 1.52}
{'loss': 1.9832, 'learning_rate': 1.014394580863675e-05, 'epoch': 1.53}
{'loss': 2.0414, 'learning_rate': 1.0127011007620662e-05, 'epoch': 1.53}
{'loss': 2.0375, 'learning_rate': 1.0110076206604573e-05, 'epoch': 1.53}
{'loss': 1.9991, 'learning_rate': 1.0093141405588485e-05, 'epoch': 1.53}
{'loss': 2.0745, 'learning_rate': 1.0076206604572397e-05, 'epoch': 1.54}
{'loss': 2.02, 'learning_rate': 1.0059271803556309e-05, 'epoch': 1.54}
{'loss': 2.0184, 'learning_rate': 1.0042337002540221e-05, 'epoch': 1.54}
{'loss': 2.0842, 'learning_rate': 1.0025402201524133e-05, 'epoch': 1.54}
{'loss': 1.912, 'learning_rate': 1.0008467400508044e-05, 'epoch': 1.55}
{'loss': 1.9794, 'learning_rate': 9.991532599491956e-06, 'epoch': 1.55}
{'loss': 1.9642, 'learning_rate': 9.974597798475868e-06, 'epoch': 1.55}
{'loss': 2.092, 'learning_rate': 9.95766299745978e-06, 'epoch': 1.55}
{'loss': 2.1403, 'learning_rate': 9.940728196443693e-06, 'epoch': 1.56}
{'loss': 1.9979, 'learning_rate': 9.923793395427605e-06, 'epoch': 1.56}
{'loss': 2.1339, 'learning_rate': 9.906858594411517e-06, 'epoch': 1.56}
{'loss': 1.997, 'learning_rate': 9.889923793395429e-06, 'epoch': 1.56}
{'loss': 1.9852, 'learning_rate': 9.87298899237934e-06, 'epoch': 1.57}
{'loss': 2.0063, 'learning_rate': 9.856054191363252e-06, 'epoch': 1.57}
{'loss': 2.1277, 'learning_rate': 9.839119390347164e-06, 'epoch': 1.57}
{'loss': 1.9034, 'learning_rate': 9.822184589331076e-06, 'epoch': 1.57}
{'loss': 1.9089, 'learning_rate': 9.805249788314988e-06, 'epoch': 1.57}
{'loss': 1.8289, 'learning_rate': 9.7883149872989e-06, 'epoch': 1.58}
{'loss': 1.9194, 'learning_rate': 9.771380186282813e-06, 'epoch': 1.58}
{'loss': 2.0594, 'learning_rate': 9.754445385266725e-06, 'epoch': 1.58}
{'loss': 1.9783, 'learning_rate': 9.737510584250635e-06, 'epoch': 1.58}
{'loss': 1.7907, 'learning_rate': 9.720575783234549e-06, 'epoch': 1.59}
{'loss': 1.8599, 'learning_rate': 9.70364098221846e-06, 'epoch': 1.59}
{'loss': 2.1071, 'learning_rate': 9.686706181202372e-06, 'epoch': 1.59}
{'loss': 2.0932, 'learning_rate': 9.669771380186284e-06, 'epoch': 1.59}
{'loss': 1.9721, 'learning_rate': 9.652836579170194e-06, 'epoch': 1.6}
{'loss': 2.0093, 'learning_rate': 9.635901778154108e-06, 'epoch': 1.6}
{'loss': 1.8458, 'learning_rate': 9.618966977138019e-06, 'epoch': 1.6}
{'loss': 2.0493, 'learning_rate': 9.60203217612193e-06, 'epoch': 1.6}
{'loss': 2.0825, 'learning_rate': 9.585097375105843e-06, 'epoch': 1.61}
{'loss': 1.9482, 'learning_rate': 9.568162574089755e-06, 'epoch': 1.61}
{'loss': 2.1014, 'learning_rate': 9.551227773073667e-06, 'epoch': 1.61}
{'loss': 1.7846, 'learning_rate': 9.53429297205758e-06, 'epoch': 1.61}
{'loss': 2.1863, 'learning_rate': 9.517358171041492e-06, 'epoch': 1.62}
{'loss': 1.9932, 'learning_rate': 9.500423370025404e-06, 'epoch': 1.62}
{'loss': 2.0442, 'learning_rate': 9.483488569009314e-06, 'epoch': 1.62}
{'loss': 2.1215, 'learning_rate': 9.466553767993228e-06, 'epoch': 1.62}
{'loss': 1.9986, 'learning_rate': 9.449618966977139e-06, 'epoch': 1.63}
{'loss': 1.9497, 'learning_rate': 9.43268416596105e-06, 'epoch': 1.63}
{'loss': 1.9183, 'learning_rate': 9.415749364944963e-06, 'epoch': 1.63}
{'loss': 2.0299, 'learning_rate': 9.398814563928873e-06, 'epoch': 1.63}
{'loss': 2.0202, 'learning_rate': 9.381879762912787e-06, 'epoch': 1.64}
{'loss': 2.0902, 'learning_rate': 9.364944961896698e-06, 'epoch': 1.64}
{'loss': 1.9038, 'learning_rate': 9.34801016088061e-06, 'epoch': 1.64}
{'loss': 1.8755, 'learning_rate': 9.331075359864522e-06, 'epoch': 1.64}
{'loss': 2.0935, 'learning_rate': 9.314140558848434e-06, 'epoch': 1.65}
{'loss': 2.0496, 'learning_rate': 9.297205757832346e-06, 'epoch': 1.65}
{'loss': 1.9144, 'learning_rate': 9.280270956816259e-06, 'epoch': 1.65}
{'loss': 2.0519, 'learning_rate': 9.26333615580017e-06, 'epoch': 1.65}
{'loss': 1.9268, 'learning_rate': 9.246401354784083e-06, 'epoch': 1.66}
{'loss': 2.0452, 'learning_rate': 9.229466553767993e-06, 'epoch': 1.66}
{'loss': 1.9082, 'learning_rate': 9.212531752751906e-06, 'epoch': 1.66}
{'loss': 2.108, 'learning_rate': 9.195596951735818e-06, 'epoch': 1.66}
{'loss': 1.9319, 'learning_rate': 9.17866215071973e-06, 'epoch': 1.67}
{'loss': 1.9086, 'learning_rate': 9.161727349703642e-06, 'epoch': 1.67}
{'loss': 1.96, 'learning_rate': 9.144792548687552e-06, 'epoch': 1.67}
{'loss': 1.8657, 'learning_rate': 9.127857747671466e-06, 'epoch': 1.67}
{'loss': 2.0505, 'learning_rate': 9.110922946655377e-06, 'epoch': 1.68}
{'loss': 1.9291, 'learning_rate': 9.093988145639289e-06, 'epoch': 1.68}
{'loss': 1.8897, 'learning_rate': 9.077053344623201e-06, 'epoch': 1.68}
{'loss': 2.1002, 'learning_rate': 9.060118543607113e-06, 'epoch': 1.68}
{'loss': 2.0435, 'learning_rate': 9.043183742591025e-06, 'epoch': 1.69}
{'loss': 2.0289, 'learning_rate': 9.026248941574938e-06, 'epoch': 1.69}
{'loss': 2.0828, 'learning_rate': 9.00931414055885e-06, 'epoch': 1.69}
{'loss': 2.0232, 'learning_rate': 8.992379339542762e-06, 'epoch': 1.69}
{'loss': 1.9532, 'learning_rate': 8.975444538526672e-06, 'epoch': 1.7}
{'loss': 1.8646, 'learning_rate': 8.958509737510585e-06, 'epoch': 1.7}
{'loss': 1.9037, 'learning_rate': 8.941574936494497e-06, 'epoch': 1.7}
{'loss': 2.0685, 'learning_rate': 8.924640135478409e-06, 'epoch': 1.7}
{'loss': 2.0031, 'learning_rate': 8.907705334462321e-06, 'epoch': 1.71}
{'loss': 2.1385, 'learning_rate': 8.890770533446232e-06, 'epoch': 1.71}
{'loss': 1.972, 'learning_rate': 8.873835732430145e-06, 'epoch': 1.71}
{'loss': 1.9837, 'learning_rate': 8.856900931414056e-06, 'epoch': 1.71}
{'loss': 1.9107, 'learning_rate': 8.839966130397968e-06, 'epoch': 1.72}
{'loss': 1.9661, 'learning_rate': 8.82303132938188e-06, 'epoch': 1.72}
{'loss': 1.9393, 'learning_rate': 8.806096528365792e-06, 'epoch': 1.72}
{'loss': 1.9507, 'learning_rate': 8.789161727349705e-06, 'epoch': 1.72}
{'loss': 2.0018, 'learning_rate': 8.772226926333617e-06, 'epoch': 1.73}
{'loss': 2.0237, 'learning_rate': 8.755292125317529e-06, 'epoch': 1.73}
{'loss': 2.1152, 'learning_rate': 8.73835732430144e-06, 'epoch': 1.73}
{'loss': 1.8356, 'learning_rate': 8.721422523285352e-06, 'epoch': 1.73}
{'loss': 2.015, 'learning_rate': 8.704487722269264e-06, 'epoch': 1.73}
{'loss': 1.9995, 'learning_rate': 8.687552921253176e-06, 'epoch': 1.74}
{'loss': 1.9904, 'learning_rate': 8.670618120237088e-06, 'epoch': 1.74}
{'loss': 1.9087, 'learning_rate': 8.653683319221e-06, 'epoch': 1.74}
{'loss': 1.8741, 'learning_rate': 8.636748518204912e-06, 'epoch': 1.74}
{'loss': 2.0195, 'learning_rate': 8.619813717188825e-06, 'epoch': 1.75}
{'loss': 2.1374, 'learning_rate': 8.602878916172735e-06, 'epoch': 1.75}
{'loss': 2.0019, 'learning_rate': 8.585944115156649e-06, 'epoch': 1.75}
{'loss': 2.1323, 'learning_rate': 8.56900931414056e-06, 'epoch': 1.75}
{'loss': 1.837, 'learning_rate': 8.552074513124472e-06, 'epoch': 1.76}
{'loss': 2.1252, 'learning_rate': 8.535139712108384e-06, 'epoch': 1.76}
{'loss': 1.9883, 'learning_rate': 8.518204911092294e-06, 'epoch': 1.76}
{'loss': 2.0321, 'learning_rate': 8.501270110076208e-06, 'epoch': 1.76}
{'loss': 1.929, 'learning_rate': 8.484335309060118e-06, 'epoch': 1.77}
{'loss': 2.0304, 'learning_rate': 8.46740050804403e-06, 'epoch': 1.77}
{'loss': 1.9549, 'learning_rate': 8.450465707027943e-06, 'epoch': 1.77}
{'loss': 1.9338, 'learning_rate': 8.433530906011855e-06, 'epoch': 1.77}
{'loss': 1.9259, 'learning_rate': 8.416596104995767e-06, 'epoch': 1.78}
{'loss': 1.9317, 'learning_rate': 8.39966130397968e-06, 'epoch': 1.78}
{'loss': 2.0555, 'learning_rate': 8.382726502963591e-06, 'epoch': 1.78}
{'loss': 1.9318, 'learning_rate': 8.365791701947504e-06, 'epoch': 1.78}
{'loss': 1.9403, 'learning_rate': 8.348856900931414e-06, 'epoch': 1.79}
{'loss': 2.0135, 'learning_rate': 8.331922099915328e-06, 'epoch': 1.79}
{'loss': 1.9602, 'learning_rate': 8.314987298899238e-06, 'epoch': 1.79}
{'loss': 1.9344, 'learning_rate': 8.29805249788315e-06, 'epoch': 1.79}
{'loss': 1.9591, 'learning_rate': 8.281117696867063e-06, 'epoch': 1.8}
{'loss': 2.1045, 'learning_rate': 8.264182895850973e-06, 'epoch': 1.8}
{'loss': 1.9029, 'learning_rate': 8.247248094834887e-06, 'epoch': 1.8}
{'loss': 2.1073, 'learning_rate': 8.230313293818798e-06, 'epoch': 1.8}
{'loss': 2.0331, 'learning_rate': 8.21337849280271e-06, 'epoch': 1.81}
{'loss': 1.8843, 'learning_rate': 8.196443691786622e-06, 'epoch': 1.81}
{'loss': 1.9428, 'learning_rate': 8.179508890770534e-06, 'epoch': 1.81}
{'loss': 2.0361, 'learning_rate': 8.162574089754446e-06, 'epoch': 1.81}
{'loss': 1.8173, 'learning_rate': 8.145639288738358e-06, 'epoch': 1.82}
{'loss': 2.0173, 'learning_rate': 8.12870448772227e-06, 'epoch': 1.82}
{'loss': 2.0195, 'learning_rate': 8.111769686706183e-06, 'epoch': 1.82}
{'loss': 1.9587, 'learning_rate': 8.094834885690093e-06, 'epoch': 1.82}
{'loss': 2.0182, 'learning_rate': 8.077900084674005e-06, 'epoch': 1.83}
{'loss': 1.8431, 'learning_rate': 8.060965283657918e-06, 'epoch': 1.83}
{'loss': 2.0605, 'learning_rate': 8.04403048264183e-06, 'epoch': 1.83}
{'loss': 1.9167, 'learning_rate': 8.027095681625742e-06, 'epoch': 1.83}
{'loss': 1.9613, 'learning_rate': 8.010160880609652e-06, 'epoch': 1.84}
{'loss': 1.9402, 'learning_rate': 7.993226079593566e-06, 'epoch': 1.84}
{'loss': 1.8694, 'learning_rate': 7.976291278577477e-06, 'epoch': 1.84}
{'loss': 1.8843, 'learning_rate': 7.959356477561389e-06, 'epoch': 1.84}
{'loss': 1.8759, 'learning_rate': 7.942421676545301e-06, 'epoch': 1.85}
{'loss': 1.9492, 'learning_rate': 7.925486875529213e-06, 'epoch': 1.85}
{'loss': 1.9851, 'learning_rate': 7.908552074513125e-06, 'epoch': 1.85}
{'loss': 1.9287, 'learning_rate': 7.891617273497037e-06, 'epoch': 1.85}
{'loss': 1.9961, 'learning_rate': 7.87468247248095e-06, 'epoch': 1.86}
{'loss': 1.9506, 'learning_rate': 7.85774767146486e-06, 'epoch': 1.86}
{'loss': 2.0289, 'learning_rate': 7.840812870448772e-06, 'epoch': 1.86}
{'loss': 1.9317, 'learning_rate': 7.823878069432684e-06, 'epoch': 1.86}
{'loss': 2.0315, 'learning_rate': 7.806943268416597e-06, 'epoch': 1.87}
{'loss': 2.0856, 'learning_rate': 7.790008467400509e-06, 'epoch': 1.87}
{'loss': 1.8976, 'learning_rate': 7.773073666384421e-06, 'epoch': 1.87}
{'loss': 2.0257, 'learning_rate': 7.756138865368331e-06, 'epoch': 1.87}
{'loss': 1.791, 'learning_rate': 7.739204064352245e-06, 'epoch': 1.88}
{'loss': 1.7918, 'learning_rate': 7.722269263336156e-06, 'epoch': 1.88}
{'loss': 2.0484, 'learning_rate': 7.705334462320068e-06, 'epoch': 1.88}
{'loss': 1.9897, 'learning_rate': 7.68839966130398e-06, 'epoch': 1.88}
{'loss': 1.9256, 'learning_rate': 7.671464860287892e-06, 'epoch': 1.88}
{'loss': 1.8753, 'learning_rate': 7.654530059271804e-06, 'epoch': 1.89}
{'loss': 1.8914, 'learning_rate': 7.637595258255715e-06, 'epoch': 1.89}
{'loss': 1.8117, 'learning_rate': 7.620660457239628e-06, 'epoch': 1.89}
{'loss': 1.9444, 'learning_rate': 7.603725656223539e-06, 'epoch': 1.89}
{'loss': 1.9184, 'learning_rate': 7.586790855207452e-06, 'epoch': 1.9}
{'loss': 1.9735, 'learning_rate': 7.5698560541913636e-06, 'epoch': 1.9}
{'loss': 1.7885, 'learning_rate': 7.552921253175276e-06, 'epoch': 1.9}
{'loss': 2.0313, 'learning_rate': 7.535986452159187e-06, 'epoch': 1.9}
{'loss': 1.997, 'learning_rate': 7.5190516511431e-06, 'epoch': 1.91}
{'loss': 2.0901, 'learning_rate': 7.502116850127011e-06, 'epoch': 1.91}
{'loss': 2.0776, 'learning_rate': 7.4851820491109235e-06, 'epoch': 1.91}
{'loss': 2.0782, 'learning_rate': 7.468247248094836e-06, 'epoch': 1.91}
{'loss': 2.0467, 'learning_rate': 7.451312447078748e-06, 'epoch': 1.92}
{'loss': 1.8344, 'learning_rate': 7.434377646062659e-06, 'epoch': 1.92}
{'loss': 1.8941, 'learning_rate': 7.417442845046572e-06, 'epoch': 1.92}
{'loss': 2.0148, 'learning_rate': 7.4005080440304835e-06, 'epoch': 1.92}
{'loss': 2.0135, 'learning_rate': 7.383573243014395e-06, 'epoch': 1.93}
{'loss': 2.0637, 'learning_rate': 7.366638441998307e-06, 'epoch': 1.93}
{'loss': 1.9203, 'learning_rate': 7.349703640982218e-06, 'epoch': 1.93}
{'loss': 1.9077, 'learning_rate': 7.332768839966131e-06, 'epoch': 1.93}
{'loss': 1.9695, 'learning_rate': 7.315834038950043e-06, 'epoch': 1.94}
{'loss': 2.0696, 'learning_rate': 7.298899237933955e-06, 'epoch': 1.94}
{'loss': 1.9004, 'learning_rate': 7.281964436917867e-06, 'epoch': 1.94}
{'loss': 1.9599, 'learning_rate': 7.265029635901779e-06, 'epoch': 1.94}
{'loss': 1.91, 'learning_rate': 7.2480948348856905e-06, 'epoch': 1.95}
{'loss': 1.9128, 'learning_rate': 7.2311600338696035e-06, 'epoch': 1.95}
{'loss': 1.9291, 'learning_rate': 7.214225232853515e-06, 'epoch': 1.95}
{'loss': 2.0651, 'learning_rate': 7.197290431837427e-06, 'epoch': 1.95}
{'loss': 1.9446, 'learning_rate': 7.180355630821338e-06, 'epoch': 1.96}
{'loss': 1.8071, 'learning_rate': 7.16342082980525e-06, 'epoch': 1.96}
{'loss': 1.9601, 'learning_rate': 7.146486028789163e-06, 'epoch': 1.96}
{'loss': 2.0562, 'learning_rate': 7.129551227773074e-06, 'epoch': 1.96}
{'loss': 1.9632, 'learning_rate': 7.112616426756986e-06, 'epoch': 1.97}
{'loss': 1.9437, 'learning_rate': 7.0956816257408974e-06, 'epoch': 1.97}
{'loss': 1.907, 'learning_rate': 7.0787468247248104e-06, 'epoch': 1.97}
{'loss': 1.8391, 'learning_rate': 7.061812023708722e-06, 'epoch': 1.97}
{'loss': 2.0096, 'learning_rate': 7.044877222692634e-06, 'epoch': 1.98}
{'loss': 1.9814, 'learning_rate': 7.027942421676546e-06, 'epoch': 1.98}
{'loss': 1.9438, 'learning_rate': 7.011007620660458e-06, 'epoch': 1.98}
{'loss': 1.885, 'learning_rate': 6.99407281964437e-06, 'epoch': 1.98}
{'loss': 1.8946, 'learning_rate': 6.977138018628283e-06, 'epoch': 1.99}
{'loss': 1.9431, 'learning_rate': 6.960203217612194e-06, 'epoch': 1.99}
{'loss': 1.9706, 'learning_rate': 6.943268416596105e-06, 'epoch': 1.99}
{'loss': 2.0553, 'learning_rate': 6.926333615580017e-06, 'epoch': 1.99}
{'loss': 2.0219, 'learning_rate': 6.909398814563929e-06, 'epoch': 2.0}
{'loss': 2.0139, 'learning_rate': 6.892464013547842e-06, 'epoch': 2.0}
{'loss': 1.8393, 'learning_rate': 6.875529212531753e-06, 'epoch': 2.0}
{'loss': 1.6345, 'learning_rate': 6.858594411515665e-06, 'epoch': 2.0}
{'loss': 1.6537, 'learning_rate': 6.8416596104995765e-06, 'epoch': 2.01}
{'loss': 1.5714, 'learning_rate': 6.8247248094834895e-06, 'epoch': 2.01}
{'loss': 1.7689, 'learning_rate': 6.807790008467401e-06, 'epoch': 2.01}
{'loss': 1.6134, 'learning_rate': 6.790855207451313e-06, 'epoch': 2.01}
{'loss': 1.5497, 'learning_rate': 6.773920406435225e-06, 'epoch': 2.02}
{'loss': 1.6335, 'learning_rate': 6.756985605419137e-06, 'epoch': 2.02}
{'loss': 1.5639, 'learning_rate': 6.740050804403049e-06, 'epoch': 2.02}
{'loss': 1.5853, 'learning_rate': 6.72311600338696e-06, 'epoch': 2.02}
{'loss': 1.5924, 'learning_rate': 6.706181202370873e-06, 'epoch': 2.03}
{'loss': 1.6509, 'learning_rate': 6.689246401354784e-06, 'epoch': 2.03}
{'loss': 1.591, 'learning_rate': 6.6723116003386965e-06, 'epoch': 2.03}
{'loss': 1.5491, 'learning_rate': 6.655376799322608e-06, 'epoch': 2.03}
{'loss': 1.6194, 'learning_rate': 6.638441998306521e-06, 'epoch': 2.04}
{'loss': 1.7347, 'learning_rate': 6.621507197290432e-06, 'epoch': 2.04}
{'loss': 1.5081, 'learning_rate': 6.604572396274344e-06, 'epoch': 2.04}
{'loss': 1.5328, 'learning_rate': 6.5876375952582565e-06, 'epoch': 2.04}
{'loss': 1.7513, 'learning_rate': 6.570702794242169e-06, 'epoch': 2.04}
{'loss': 1.7116, 'learning_rate': 6.55376799322608e-06, 'epoch': 2.05}
{'loss': 1.6335, 'learning_rate': 6.536833192209993e-06, 'epoch': 2.05}
{'loss': 1.5945, 'learning_rate': 6.519898391193904e-06, 'epoch': 2.05}
{'loss': 1.6634, 'learning_rate': 6.502963590177816e-06, 'epoch': 2.05}
{'loss': 1.6212, 'learning_rate': 6.486028789161728e-06, 'epoch': 2.06}
{'loss': 1.5595, 'learning_rate': 6.469093988145639e-06, 'epoch': 2.06}
{'loss': 1.6353, 'learning_rate': 6.452159187129552e-06, 'epoch': 2.06}
{'loss': 1.7032, 'learning_rate': 6.435224386113463e-06, 'epoch': 2.06}
{'loss': 1.704, 'learning_rate': 6.418289585097376e-06, 'epoch': 2.07}
{'loss': 1.6339, 'learning_rate': 6.401354784081287e-06, 'epoch': 2.07}
{'loss': 1.4476, 'learning_rate': 6.3844199830652e-06, 'epoch': 2.07}
{'loss': 1.5717, 'learning_rate': 6.367485182049111e-06, 'epoch': 2.07}
{'loss': 1.6328, 'learning_rate': 6.350550381033023e-06, 'epoch': 2.08}
{'loss': 1.5756, 'learning_rate': 6.3336155800169356e-06, 'epoch': 2.08}
{'loss': 1.6361, 'learning_rate': 6.316680779000848e-06, 'epoch': 2.08}
{'loss': 1.5055, 'learning_rate': 6.299745977984759e-06, 'epoch': 2.08}
{'loss': 1.5548, 'learning_rate': 6.28281117696867e-06, 'epoch': 2.09}
{'loss': 1.7726, 'learning_rate': 6.265876375952583e-06, 'epoch': 2.09}
{'loss': 1.6631, 'learning_rate': 6.248941574936495e-06, 'epoch': 2.09}
{'loss': 1.5002, 'learning_rate': 6.232006773920407e-06, 'epoch': 2.09}
{'loss': 1.719, 'learning_rate': 6.215071972904318e-06, 'epoch': 2.1}
{'loss': 1.5915, 'learning_rate': 6.198137171888231e-06, 'epoch': 2.1}
{'loss': 1.5943, 'learning_rate': 6.1812023708721425e-06, 'epoch': 2.1}
{'loss': 1.6221, 'learning_rate': 6.164267569856055e-06, 'epoch': 2.1}
{'loss': 1.5662, 'learning_rate': 6.147332768839967e-06, 'epoch': 2.11}
{'loss': 1.5865, 'learning_rate': 6.130397967823879e-06, 'epoch': 2.11}
{'loss': 1.4252, 'learning_rate': 6.11346316680779e-06, 'epoch': 2.11}
{'loss': 1.4431, 'learning_rate': 6.096528365791703e-06, 'epoch': 2.11}
{'loss': 1.4214, 'learning_rate': 6.079593564775615e-06, 'epoch': 2.12}
{'loss': 1.645, 'learning_rate': 6.062658763759526e-06, 'epoch': 2.12}
{'loss': 1.7039, 'learning_rate': 6.045723962743438e-06, 'epoch': 2.12}
{'loss': 1.599, 'learning_rate': 6.0287891617273495e-06, 'epoch': 2.12}
{'loss': 1.7607, 'learning_rate': 6.0118543607112625e-06, 'epoch': 2.13}
{'loss': 1.7564, 'learning_rate': 5.994919559695174e-06, 'epoch': 2.13}
{'loss': 1.7013, 'learning_rate': 5.977984758679086e-06, 'epoch': 2.13}
{'loss': 1.6651, 'learning_rate': 5.961049957662997e-06, 'epoch': 2.13}
{'loss': 1.4717, 'learning_rate': 5.94411515664691e-06, 'epoch': 2.14}
{'loss': 1.6945, 'learning_rate': 5.927180355630822e-06, 'epoch': 2.14}
{'loss': 1.5971, 'learning_rate': 5.910245554614734e-06, 'epoch': 2.14}
{'loss': 1.4233, 'learning_rate': 5.893310753598646e-06, 'epoch': 2.14}
{'loss': 1.7921, 'learning_rate': 5.876375952582558e-06, 'epoch': 2.15}
{'loss': 1.5856, 'learning_rate': 5.8594411515664694e-06, 'epoch': 2.15}
{'loss': 1.6959, 'learning_rate': 5.842506350550381e-06, 'epoch': 2.15}
{'loss': 1.6173, 'learning_rate': 5.825571549534294e-06, 'epoch': 2.15}
{'loss': 1.5497, 'learning_rate': 5.808636748518205e-06, 'epoch': 2.16}
{'loss': 1.5893, 'learning_rate': 5.791701947502117e-06, 'epoch': 2.16}
{'loss': 1.5623, 'learning_rate': 5.7747671464860286e-06, 'epoch': 2.16}
{'loss': 1.5116, 'learning_rate': 5.757832345469942e-06, 'epoch': 2.16}
{'loss': 1.5757, 'learning_rate': 5.740897544453853e-06, 'epoch': 2.17}
{'loss': 1.5326, 'learning_rate': 5.723962743437765e-06, 'epoch': 2.17}
{'loss': 1.5549, 'learning_rate': 5.707027942421676e-06, 'epoch': 2.17}
{'loss': 1.5441, 'learning_rate': 5.690093141405589e-06, 'epoch': 2.17}
{'loss': 1.6477, 'learning_rate': 5.673158340389501e-06, 'epoch': 2.18}
{'loss': 1.6981, 'learning_rate': 5.656223539373413e-06, 'epoch': 2.18}
{'loss': 1.5699, 'learning_rate': 5.639288738357325e-06, 'epoch': 2.18}
{'loss': 1.44, 'learning_rate': 5.622353937341237e-06, 'epoch': 2.18}
{'loss': 1.395, 'learning_rate': 5.6054191363251485e-06, 'epoch': 2.19}
{'loss': 1.4336, 'learning_rate': 5.58848433530906e-06, 'epoch': 2.19}
{'loss': 1.5286, 'learning_rate': 5.571549534292973e-06, 'epoch': 2.19}
{'loss': 1.553, 'learning_rate': 5.554614733276884e-06, 'epoch': 2.19}
{'loss': 1.558, 'learning_rate': 5.537679932260796e-06, 'epoch': 2.2}
{'loss': 1.6198, 'learning_rate': 5.520745131244708e-06, 'epoch': 2.2}
{'loss': 1.6098, 'learning_rate': 5.503810330228621e-06, 'epoch': 2.2}
{'loss': 1.6437, 'learning_rate': 5.486875529212532e-06, 'epoch': 2.2}
{'loss': 1.5423, 'learning_rate': 5.469940728196444e-06, 'epoch': 2.2}
{'loss': 1.6624, 'learning_rate': 5.453005927180356e-06, 'epoch': 2.21}
{'loss': 1.6359, 'learning_rate': 5.4360711261642685e-06, 'epoch': 2.21}
{'loss': 1.7093, 'learning_rate': 5.41913632514818e-06, 'epoch': 2.21}
{'loss': 1.6165, 'learning_rate': 5.402201524132093e-06, 'epoch': 2.21}
{'loss': 1.5746, 'learning_rate': 5.385266723116004e-06, 'epoch': 2.22}
{'loss': 1.6532, 'learning_rate': 5.3683319220999155e-06, 'epoch': 2.22}
{'loss': 1.5886, 'learning_rate': 5.351397121083828e-06, 'epoch': 2.22}
{'loss': 1.5933, 'learning_rate': 5.334462320067739e-06, 'epoch': 2.22}
{'loss': 1.5019, 'learning_rate': 5.317527519051652e-06, 'epoch': 2.23}
{'loss': 1.613, 'learning_rate': 5.300592718035563e-06, 'epoch': 2.23}
{'loss': 1.6641, 'learning_rate': 5.2836579170194754e-06, 'epoch': 2.23}
{'loss': 1.544, 'learning_rate': 5.266723116003387e-06, 'epoch': 2.23}
{'loss': 1.5661, 'learning_rate': 5.2497883149873e-06, 'epoch': 2.24}
{'loss': 1.4224, 'learning_rate': 5.232853513971211e-06, 'epoch': 2.24}
{'loss': 1.6771, 'learning_rate': 5.215918712955123e-06, 'epoch': 2.24}
{'loss': 1.5906, 'learning_rate': 5.1989839119390354e-06, 'epoch': 2.24}
{'loss': 1.5607, 'learning_rate': 5.182049110922948e-06, 'epoch': 2.25}
{'loss': 1.427, 'learning_rate': 5.165114309906859e-06, 'epoch': 2.25}
{'loss': 1.6553, 'learning_rate': 5.14817950889077e-06, 'epoch': 2.25}
{'loss': 1.5245, 'learning_rate': 5.131244707874683e-06, 'epoch': 2.25}
{'loss': 1.6819, 'learning_rate': 5.1143099068585946e-06, 'epoch': 2.26}
{'loss': 1.5407, 'learning_rate': 5.097375105842507e-06, 'epoch': 2.26}
{'loss': 1.5698, 'learning_rate': 5.080440304826418e-06, 'epoch': 2.26}
{'loss': 1.5668, 'learning_rate': 5.063505503810331e-06, 'epoch': 2.26}
{'loss': 1.6854, 'learning_rate': 5.046570702794242e-06, 'epoch': 2.27}
{'loss': 1.4876, 'learning_rate': 5.0296359017781545e-06, 'epoch': 2.27}
{'loss': 1.554, 'learning_rate': 5.012701100762067e-06, 'epoch': 2.27}
{'loss': 1.6207, 'learning_rate': 4.995766299745978e-06, 'epoch': 2.27}
{'loss': 1.6268, 'learning_rate': 4.97883149872989e-06, 'epoch': 2.28}
{'loss': 1.5917, 'learning_rate': 4.961896697713802e-06, 'epoch': 2.28}
{'loss': 1.5088, 'learning_rate': 4.9449618966977145e-06, 'epoch': 2.28}
{'loss': 1.5463, 'learning_rate': 4.928027095681626e-06, 'epoch': 2.28}
{'loss': 1.6824, 'learning_rate': 4.911092294665538e-06, 'epoch': 2.29}
{'loss': 1.4682, 'learning_rate': 4.89415749364945e-06, 'epoch': 2.29}
{'loss': 1.5108, 'learning_rate': 4.877222692633362e-06, 'epoch': 2.29}
{'loss': 1.6821, 'learning_rate': 4.8602878916172745e-06, 'epoch': 2.29}
{'loss': 1.6632, 'learning_rate': 4.843353090601186e-06, 'epoch': 2.3}
{'loss': 1.5879, 'learning_rate': 4.826418289585097e-06, 'epoch': 2.3}
{'loss': 1.6694, 'learning_rate': 4.809483488569009e-06, 'epoch': 2.3}
{'loss': 1.6779, 'learning_rate': 4.7925486875529215e-06, 'epoch': 2.3}
{'loss': 1.5839, 'learning_rate': 4.775613886536834e-06, 'epoch': 2.31}
{'loss': 1.6454, 'learning_rate': 4.758679085520746e-06, 'epoch': 2.31}
{'loss': 1.537, 'learning_rate': 4.741744284504657e-06, 'epoch': 2.31}
{'loss': 1.6756, 'learning_rate': 4.724809483488569e-06, 'epoch': 2.31}
{'loss': 1.5813, 'learning_rate': 4.7078746824724815e-06, 'epoch': 2.32}
{'loss': 1.6744, 'learning_rate': 4.690939881456394e-06, 'epoch': 2.32}
{'loss': 1.4989, 'learning_rate': 4.674005080440305e-06, 'epoch': 2.32}
{'loss': 1.5154, 'learning_rate': 4.657070279424217e-06, 'epoch': 2.32}
{'loss': 1.573, 'learning_rate': 4.640135478408129e-06, 'epoch': 2.33}
{'loss': 1.6633, 'learning_rate': 4.6232006773920414e-06, 'epoch': 2.33}
{'loss': 1.6023, 'learning_rate': 4.606265876375953e-06, 'epoch': 2.33}
{'loss': 1.6151, 'learning_rate': 4.589331075359865e-06, 'epoch': 2.33}
{'loss': 1.5708, 'learning_rate': 4.572396274343776e-06, 'epoch': 2.34}
{'loss': 1.6286, 'learning_rate': 4.555461473327688e-06, 'epoch': 2.34}
{'loss': 1.8836, 'learning_rate': 4.5385266723116006e-06, 'epoch': 2.34}
{'loss': 1.7439, 'learning_rate': 4.521591871295513e-06, 'epoch': 2.34}
{'loss': 1.5799, 'learning_rate': 4.504657070279425e-06, 'epoch': 2.35}
{'loss': 1.5531, 'learning_rate': 4.487722269263336e-06, 'epoch': 2.35}
{'loss': 1.627, 'learning_rate': 4.470787468247248e-06, 'epoch': 2.35}
{'loss': 1.672, 'learning_rate': 4.4538526672311606e-06, 'epoch': 2.35}
{'loss': 1.5826, 'learning_rate': 4.436917866215073e-06, 'epoch': 2.35}
{'loss': 1.5981, 'learning_rate': 4.419983065198984e-06, 'epoch': 2.36}
{'loss': 1.6673, 'learning_rate': 4.403048264182896e-06, 'epoch': 2.36}
{'loss': 1.6914, 'learning_rate': 4.386113463166808e-06, 'epoch': 2.36}
{'loss': 1.6257, 'learning_rate': 4.36917866215072e-06, 'epoch': 2.36}
{'loss': 1.7499, 'learning_rate': 4.352243861134632e-06, 'epoch': 2.37}
{'loss': 1.5179, 'learning_rate': 4.335309060118544e-06, 'epoch': 2.37}
{'loss': 1.5278, 'learning_rate': 4.318374259102456e-06, 'epoch': 2.37}
{'loss': 1.6165, 'learning_rate': 4.3014394580863675e-06, 'epoch': 2.37}
{'loss': 1.5239, 'learning_rate': 4.28450465707028e-06, 'epoch': 2.38}
{'loss': 1.5649, 'learning_rate': 4.267569856054192e-06, 'epoch': 2.38}
{'loss': 1.6256, 'learning_rate': 4.250635055038104e-06, 'epoch': 2.38}
{'loss': 1.5636, 'learning_rate': 4.233700254022015e-06, 'epoch': 2.38}
{'loss': 1.5319, 'learning_rate': 4.2167654530059275e-06, 'epoch': 2.39}
{'loss': 1.5537, 'learning_rate': 4.19983065198984e-06, 'epoch': 2.39}
{'loss': 1.7051, 'learning_rate': 4.182895850973752e-06, 'epoch': 2.39}
{'loss': 1.5326, 'learning_rate': 4.165961049957664e-06, 'epoch': 2.39}
{'loss': 1.6194, 'learning_rate': 4.149026248941575e-06, 'epoch': 2.4}
{'loss': 1.3899, 'learning_rate': 4.132091447925487e-06, 'epoch': 2.4}
{'loss': 1.7048, 'learning_rate': 4.115156646909399e-06, 'epoch': 2.4}
{'loss': 1.6233, 'learning_rate': 4.098221845893311e-06, 'epoch': 2.4}
{'loss': 1.6219, 'learning_rate': 4.081287044877223e-06, 'epoch': 2.41}
{'loss': 1.5743, 'learning_rate': 4.064352243861135e-06, 'epoch': 2.41}
{'loss': 1.633, 'learning_rate': 4.047417442845047e-06, 'epoch': 2.41}
{'loss': 1.6241, 'learning_rate': 4.030482641828959e-06, 'epoch': 2.41}
{'loss': 1.5393, 'learning_rate': 4.013547840812871e-06, 'epoch': 2.42}
{'loss': 1.5383, 'learning_rate': 3.996613039796783e-06, 'epoch': 2.42}
{'loss': 1.6559, 'learning_rate': 3.979678238780694e-06, 'epoch': 2.42}
{'loss': 1.7698, 'learning_rate': 3.962743437764607e-06, 'epoch': 2.42}
{'loss': 1.551, 'learning_rate': 3.945808636748519e-06, 'epoch': 2.43}
{'loss': 1.6547, 'learning_rate': 3.92887383573243e-06, 'epoch': 2.43}
{'loss': 1.5366, 'learning_rate': 3.911939034716342e-06, 'epoch': 2.43}
{'loss': 1.6911, 'learning_rate': 3.895004233700254e-06, 'epoch': 2.43}
{'loss': 1.4161, 'learning_rate': 3.878069432684166e-06, 'epoch': 2.44}
{'loss': 1.5236, 'learning_rate': 3.861134631668078e-06, 'epoch': 2.44}
{'loss': 1.619, 'learning_rate': 3.84419983065199e-06, 'epoch': 2.44}
{'loss': 1.5433, 'learning_rate': 3.827265029635902e-06, 'epoch': 2.44}
{'loss': 1.5441, 'learning_rate': 3.810330228619814e-06, 'epoch': 2.45}
{'loss': 1.5084, 'learning_rate': 3.793395427603726e-06, 'epoch': 2.45}
{'loss': 1.6097, 'learning_rate': 3.776460626587638e-06, 'epoch': 2.45}
{'loss': 1.5648, 'learning_rate': 3.75952582557155e-06, 'epoch': 2.45}
{'loss': 1.704, 'learning_rate': 3.7425910245554618e-06, 'epoch': 2.46}
{'loss': 1.465, 'learning_rate': 3.725656223539374e-06, 'epoch': 2.46}
{'loss': 1.5126, 'learning_rate': 3.708721422523286e-06, 'epoch': 2.46}
{'loss': 1.6267, 'learning_rate': 3.6917866215071974e-06, 'epoch': 2.46}
{'loss': 1.5879, 'learning_rate': 3.674851820491109e-06, 'epoch': 2.47}
{'loss': 1.5556, 'learning_rate': 3.6579170194750213e-06, 'epoch': 2.47}
{'loss': 1.7189, 'learning_rate': 3.6409822184589335e-06, 'epoch': 2.47}
{'loss': 1.5706, 'learning_rate': 3.6240474174428452e-06, 'epoch': 2.47}
{'loss': 1.5824, 'learning_rate': 3.6071126164267574e-06, 'epoch': 2.48}
{'loss': 1.5927, 'learning_rate': 3.590177815410669e-06, 'epoch': 2.48}
{'loss': 1.5691, 'learning_rate': 3.5732430143945813e-06, 'epoch': 2.48}
{'loss': 1.684, 'learning_rate': 3.556308213378493e-06, 'epoch': 2.48}
{'loss': 1.542, 'learning_rate': 3.5393734123624052e-06, 'epoch': 2.49}
{'loss': 1.5807, 'learning_rate': 3.522438611346317e-06, 'epoch': 2.49}
{'loss': 1.609, 'learning_rate': 3.505503810330229e-06, 'epoch': 2.49}
{'loss': 1.584, 'learning_rate': 3.4885690093141413e-06, 'epoch': 2.49}
{'loss': 1.591, 'learning_rate': 3.4716342082980526e-06, 'epoch': 2.5}
{'loss': 1.4788, 'learning_rate': 3.4546994072819644e-06, 'epoch': 2.5}
{'loss': 1.5814, 'learning_rate': 3.4377646062658765e-06, 'epoch': 2.5}
{'loss': 1.5379, 'learning_rate': 3.4208298052497883e-06, 'epoch': 2.5}
{'loss': 1.5395, 'learning_rate': 3.4038950042337004e-06, 'epoch': 2.51}
{'loss': 1.5877, 'learning_rate': 3.3869602032176126e-06, 'epoch': 2.51}
{'loss': 1.6086, 'learning_rate': 3.3700254022015243e-06, 'epoch': 2.51}
{'loss': 1.52, 'learning_rate': 3.3530906011854365e-06, 'epoch': 2.51}
{'loss': 1.6102, 'learning_rate': 3.3361558001693482e-06, 'epoch': 2.51}
{'loss': 1.5881, 'learning_rate': 3.3192209991532604e-06, 'epoch': 2.52}
{'loss': 1.5257, 'learning_rate': 3.302286198137172e-06, 'epoch': 2.52}
{'loss': 1.5899, 'learning_rate': 3.2853513971210843e-06, 'epoch': 2.52}
{'loss': 1.5708, 'learning_rate': 3.2684165961049965e-06, 'epoch': 2.52}
{'loss': 1.4089, 'learning_rate': 3.251481795088908e-06, 'epoch': 2.53}
{'loss': 1.6032, 'learning_rate': 3.2345469940728195e-06, 'epoch': 2.53}
{'loss': 1.6548, 'learning_rate': 3.2176121930567317e-06, 'epoch': 2.53}
{'loss': 1.5484, 'learning_rate': 3.2006773920406435e-06, 'epoch': 2.53}
{'loss': 1.6253, 'learning_rate': 3.1837425910245556e-06, 'epoch': 2.54}
{'loss': 1.3094, 'learning_rate': 3.1668077900084678e-06, 'epoch': 2.54}
{'loss': 1.6999, 'learning_rate': 3.1498729889923795e-06, 'epoch': 2.54}
{'loss': 1.5779, 'learning_rate': 3.1329381879762917e-06, 'epoch': 2.54}
{'loss': 1.5018, 'learning_rate': 3.1160033869602034e-06, 'epoch': 2.55}
{'loss': 1.6399, 'learning_rate': 3.0990685859441156e-06, 'epoch': 2.55}
{'loss': 1.5482, 'learning_rate': 3.0821337849280273e-06, 'epoch': 2.55}
{'loss': 1.4129, 'learning_rate': 3.0651989839119395e-06, 'epoch': 2.55}
{'loss': 1.6641, 'learning_rate': 3.0482641828958517e-06, 'epoch': 2.56}
{'loss': 1.4013, 'learning_rate': 3.031329381879763e-06, 'epoch': 2.56}
{'loss': 1.6583, 'learning_rate': 3.0143945808636747e-06, 'epoch': 2.56}
{'loss': 1.5276, 'learning_rate': 2.997459779847587e-06, 'epoch': 2.56}
{'loss': 1.5505, 'learning_rate': 2.9805249788314986e-06, 'epoch': 2.57}
{'loss': 1.6078, 'learning_rate': 2.963590177815411e-06, 'epoch': 2.57}
{'loss': 1.548, 'learning_rate': 2.946655376799323e-06, 'epoch': 2.57}
{'loss': 1.5982, 'learning_rate': 2.9297205757832347e-06, 'epoch': 2.57}
{'loss': 1.611, 'learning_rate': 2.912785774767147e-06, 'epoch': 2.58}
{'loss': 1.5461, 'learning_rate': 2.8958509737510586e-06, 'epoch': 2.58}
{'loss': 1.5662, 'learning_rate': 2.878916172734971e-06, 'epoch': 2.58}
{'loss': 1.6556, 'learning_rate': 2.8619813717188825e-06, 'epoch': 2.58}
{'loss': 1.5635, 'learning_rate': 2.8450465707027947e-06, 'epoch': 2.59}
{'loss': 1.5858, 'learning_rate': 2.8281117696867064e-06, 'epoch': 2.59}
{'loss': 1.5855, 'learning_rate': 2.8111769686706186e-06, 'epoch': 2.59}
{'loss': 1.6104, 'learning_rate': 2.79424216765453e-06, 'epoch': 2.59}
{'loss': 1.6328, 'learning_rate': 2.777307366638442e-06, 'epoch': 2.6}
{'loss': 1.4797, 'learning_rate': 2.760372565622354e-06, 'epoch': 2.6}
{'loss': 1.6448, 'learning_rate': 2.743437764606266e-06, 'epoch': 2.6}
{'loss': 1.6083, 'learning_rate': 2.726502963590178e-06, 'epoch': 2.6}
{'loss': 1.595, 'learning_rate': 2.70956816257409e-06, 'epoch': 2.61}
{'loss': 1.7806, 'learning_rate': 2.692633361558002e-06, 'epoch': 2.61}
{'loss': 1.6813, 'learning_rate': 2.675698560541914e-06, 'epoch': 2.61}
{'loss': 1.681, 'learning_rate': 2.658763759525826e-06, 'epoch': 2.61}
{'loss': 1.6422, 'learning_rate': 2.6418289585097377e-06, 'epoch': 2.62}
{'loss': 1.5815, 'learning_rate': 2.62489415749365e-06, 'epoch': 2.62}
{'loss': 1.7043, 'learning_rate': 2.6079593564775616e-06, 'epoch': 2.62}
{'loss': 1.6454, 'learning_rate': 2.591024555461474e-06, 'epoch': 2.62}
{'loss': 1.6023, 'learning_rate': 2.574089754445385e-06, 'epoch': 2.63}
{'loss': 1.5553, 'learning_rate': 2.5571549534292973e-06, 'epoch': 2.63}
{'loss': 1.5395, 'learning_rate': 2.540220152413209e-06, 'epoch': 2.63}
{'loss': 1.6506, 'learning_rate': 2.523285351397121e-06, 'epoch': 2.63}
{'loss': 1.5978, 'learning_rate': 2.5063505503810334e-06, 'epoch': 2.64}
{'loss': 1.6438, 'learning_rate': 2.489415749364945e-06, 'epoch': 2.64}
{'loss': 1.6985, 'learning_rate': 2.4724809483488573e-06, 'epoch': 2.64}
{'loss': 1.5187, 'learning_rate': 2.455546147332769e-06, 'epoch': 2.64}
{'loss': 1.4905, 'learning_rate': 2.438611346316681e-06, 'epoch': 2.65}
{'loss': 1.7101, 'learning_rate': 2.421676545300593e-06, 'epoch': 2.65}
{'loss': 1.6754, 'learning_rate': 2.4047417442845047e-06, 'epoch': 2.65}
{'loss': 1.5619, 'learning_rate': 2.387806943268417e-06, 'epoch': 2.65}
{'loss': 1.5485, 'learning_rate': 2.3708721422523286e-06, 'epoch': 2.66}
{'loss': 1.5617, 'learning_rate': 2.3539373412362407e-06, 'epoch': 2.66}
{'loss': 1.5509, 'learning_rate': 2.3370025402201525e-06, 'epoch': 2.66}
{'loss': 1.6211, 'learning_rate': 2.3200677392040646e-06, 'epoch': 2.66}
{'loss': 1.7084, 'learning_rate': 2.3031329381879764e-06, 'epoch': 2.67}
{'loss': 1.575, 'learning_rate': 2.286198137171888e-06, 'epoch': 2.67}
{'loss': 1.5709, 'learning_rate': 2.2692633361558003e-06, 'epoch': 2.67}
{'loss': 1.5805, 'learning_rate': 2.2523285351397125e-06, 'epoch': 2.67}
{'loss': 1.5773, 'learning_rate': 2.235393734123624e-06, 'epoch': 2.67}
{'loss': 1.6497, 'learning_rate': 2.2184589331075364e-06, 'epoch': 2.68}
{'loss': 1.5794, 'learning_rate': 2.201524132091448e-06, 'epoch': 2.68}
{'loss': 1.484, 'learning_rate': 2.18458933107536e-06, 'epoch': 2.68}
{'loss': 1.6815, 'learning_rate': 2.167654530059272e-06, 'epoch': 2.68}
{'loss': 1.6376, 'learning_rate': 2.1507197290431838e-06, 'epoch': 2.69}
{'loss': 1.6137, 'learning_rate': 2.133784928027096e-06, 'epoch': 2.69}
{'loss': 1.7107, 'learning_rate': 2.1168501270110077e-06, 'epoch': 2.69}
{'loss': 1.6044, 'learning_rate': 2.09991532599492e-06, 'epoch': 2.69}
{'loss': 1.4414, 'learning_rate': 2.082980524978832e-06, 'epoch': 2.7}
{'loss': 1.6644, 'learning_rate': 2.0660457239627433e-06, 'epoch': 2.7}
{'loss': 1.6375, 'learning_rate': 2.0491109229466555e-06, 'epoch': 2.7}
{'loss': 1.601, 'learning_rate': 2.0321761219305676e-06, 'epoch': 2.7}
{'loss': 1.6642, 'learning_rate': 2.0152413209144794e-06, 'epoch': 2.71}
{'loss': 1.5153, 'learning_rate': 1.9983065198983915e-06, 'epoch': 2.71}
{'loss': 1.5018, 'learning_rate': 1.9813717188823033e-06, 'epoch': 2.71}
{'loss': 1.6124, 'learning_rate': 1.964436917866215e-06, 'epoch': 2.71}
{'loss': 1.5666, 'learning_rate': 1.947502116850127e-06, 'epoch': 2.72}
{'loss': 1.5775, 'learning_rate': 1.930567315834039e-06, 'epoch': 2.72}
{'loss': 1.6889, 'learning_rate': 1.913632514817951e-06, 'epoch': 2.72}
{'loss': 1.5687, 'learning_rate': 1.896697713801863e-06, 'epoch': 2.72}
{'loss': 1.6838, 'learning_rate': 1.879762912785775e-06, 'epoch': 2.73}
{'loss': 1.6924, 'learning_rate': 1.862828111769687e-06, 'epoch': 2.73}
{'loss': 1.6644, 'learning_rate': 1.8458933107535987e-06, 'epoch': 2.73}
{'loss': 1.514, 'learning_rate': 1.8289585097375107e-06, 'epoch': 2.73}
{'loss': 1.4269, 'learning_rate': 1.8120237087214226e-06, 'epoch': 2.74}
{'loss': 1.6317, 'learning_rate': 1.7950889077053346e-06, 'epoch': 2.74}
{'loss': 1.5604, 'learning_rate': 1.7781541066892465e-06, 'epoch': 2.74}
{'loss': 1.6151, 'learning_rate': 1.7612193056731585e-06, 'epoch': 2.74}
{'loss': 1.4922, 'learning_rate': 1.7442845046570706e-06, 'epoch': 2.75}
{'loss': 1.5904, 'learning_rate': 1.7273497036409822e-06, 'epoch': 2.75}
{'loss': 1.5674, 'learning_rate': 1.7104149026248941e-06, 'epoch': 2.75}
{'loss': 1.5352, 'learning_rate': 1.6934801016088063e-06, 'epoch': 2.75}
{'loss': 1.4933, 'learning_rate': 1.6765453005927183e-06, 'epoch': 2.76}
{'loss': 1.674, 'learning_rate': 1.6596104995766302e-06, 'epoch': 2.76}
{'loss': 1.6818, 'learning_rate': 1.6426756985605422e-06, 'epoch': 2.76}
{'loss': 1.4097, 'learning_rate': 1.625740897544454e-06, 'epoch': 2.76}
{'loss': 1.6007, 'learning_rate': 1.6088060965283659e-06, 'epoch': 2.77}
{'loss': 1.6415, 'learning_rate': 1.5918712955122778e-06, 'epoch': 2.77}
{'loss': 1.5544, 'learning_rate': 1.5749364944961898e-06, 'epoch': 2.77}
{'loss': 1.4729, 'learning_rate': 1.5580016934801017e-06, 'epoch': 2.77}
{'loss': 1.5729, 'learning_rate': 1.5410668924640137e-06, 'epoch': 2.78}
{'loss': 1.5076, 'learning_rate': 1.5241320914479258e-06, 'epoch': 2.78}
{'loss': 1.7194, 'learning_rate': 1.5071972904318374e-06, 'epoch': 2.78}
{'loss': 1.5688, 'learning_rate': 1.4902624894157493e-06, 'epoch': 2.78}
{'loss': 1.6717, 'learning_rate': 1.4733276883996615e-06, 'epoch': 2.79}
{'loss': 1.597, 'learning_rate': 1.4563928873835734e-06, 'epoch': 2.79}
{'loss': 1.6111, 'learning_rate': 1.4394580863674854e-06, 'epoch': 2.79}
{'loss': 1.5134, 'learning_rate': 1.4225232853513973e-06, 'epoch': 2.79}
{'loss': 1.4904, 'learning_rate': 1.4055884843353093e-06, 'epoch': 2.8}
{'loss': 1.4758, 'learning_rate': 1.388653683319221e-06, 'epoch': 2.8}
{'loss': 1.5107, 'learning_rate': 1.371718882303133e-06, 'epoch': 2.8}
{'loss': 1.652, 'learning_rate': 1.354784081287045e-06, 'epoch': 2.8}
{'loss': 1.6789, 'learning_rate': 1.337849280270957e-06, 'epoch': 2.81}
{'loss': 1.5097, 'learning_rate': 1.3209144792548689e-06, 'epoch': 2.81}
{'loss': 1.5707, 'learning_rate': 1.3039796782387808e-06, 'epoch': 2.81}
{'loss': 1.6167, 'learning_rate': 1.2870448772226926e-06, 'epoch': 2.81}
{'loss': 1.4847, 'learning_rate': 1.2701100762066045e-06, 'epoch': 2.82}
{'loss': 1.7113, 'learning_rate': 1.2531752751905167e-06, 'epoch': 2.82}
{'loss': 1.524, 'learning_rate': 1.2362404741744286e-06, 'epoch': 2.82}
{'loss': 1.5867, 'learning_rate': 1.2193056731583406e-06, 'epoch': 2.82}
{'loss': 1.6829, 'learning_rate': 1.2023708721422523e-06, 'epoch': 2.82}
{'loss': 1.6415, 'learning_rate': 1.1854360711261643e-06, 'epoch': 2.83}
{'loss': 1.7898, 'learning_rate': 1.1685012701100762e-06, 'epoch': 2.83}
{'loss': 1.4658, 'learning_rate': 1.1515664690939882e-06, 'epoch': 2.83}
{'loss': 1.4815, 'learning_rate': 1.1346316680779001e-06, 'epoch': 2.83}
{'loss': 1.7734, 'learning_rate': 1.117696867061812e-06, 'epoch': 2.84}
{'loss': 1.6193, 'learning_rate': 1.100762066045724e-06, 'epoch': 2.84}
{'loss': 1.4941, 'learning_rate': 1.083827265029636e-06, 'epoch': 2.84}
{'loss': 1.4676, 'learning_rate': 1.066892464013548e-06, 'epoch': 2.84}
{'loss': 1.4608, 'learning_rate': 1.04995766299746e-06, 'epoch': 2.85}
{'loss': 1.6165, 'learning_rate': 1.0330228619813717e-06, 'epoch': 2.85}
{'loss': 1.6573, 'learning_rate': 1.0160880609652838e-06, 'epoch': 2.85}
{'loss': 1.5424, 'learning_rate': 9.991532599491958e-07, 'epoch': 2.85}
{'loss': 1.3575, 'learning_rate': 9.822184589331075e-07, 'epoch': 2.86}
{'loss': 1.4795, 'learning_rate': 9.652836579170195e-07, 'epoch': 2.86}
{'loss': 1.4159, 'learning_rate': 9.483488569009315e-07, 'epoch': 2.86}
{'loss': 1.6073, 'learning_rate': 9.314140558848435e-07, 'epoch': 2.86}
{'loss': 1.6055, 'learning_rate': 9.144792548687553e-07, 'epoch': 2.87}
{'loss': 1.6748, 'learning_rate': 8.975444538526673e-07, 'epoch': 2.87}
{'loss': 1.7013, 'learning_rate': 8.806096528365792e-07, 'epoch': 2.87}
{'loss': 1.5101, 'learning_rate': 8.636748518204911e-07, 'epoch': 2.87}
{'loss': 1.5615, 'learning_rate': 8.467400508044031e-07, 'epoch': 2.88}
{'loss': 1.6705, 'learning_rate': 8.298052497883151e-07, 'epoch': 2.88}
{'loss': 1.5838, 'learning_rate': 8.12870448772227e-07, 'epoch': 2.88}
{'loss': 1.6057, 'learning_rate': 7.959356477561389e-07, 'epoch': 2.88}
{'loss': 1.5827, 'learning_rate': 7.790008467400509e-07, 'epoch': 2.89}
{'loss': 1.6484, 'learning_rate': 7.620660457239629e-07, 'epoch': 2.89}
{'loss': 1.5751, 'learning_rate': 7.451312447078747e-07, 'epoch': 2.89}
{'loss': 1.5945, 'learning_rate': 7.281964436917867e-07, 'epoch': 2.89}
{'loss': 1.6001, 'learning_rate': 7.112616426756987e-07, 'epoch': 2.9}
{'loss': 1.6229, 'learning_rate': 6.943268416596105e-07, 'epoch': 2.9}
{'loss': 1.621, 'learning_rate': 6.773920406435225e-07, 'epoch': 2.9}
{'loss': 1.5581, 'learning_rate': 6.604572396274344e-07, 'epoch': 2.9}
{'loss': 1.7001, 'learning_rate': 6.435224386113463e-07, 'epoch': 2.91}
{'loss': 1.6117, 'learning_rate': 6.265876375952583e-07, 'epoch': 2.91}
{'loss': 1.4956, 'learning_rate': 6.096528365791703e-07, 'epoch': 2.91}
{'loss': 1.6008, 'learning_rate': 5.927180355630821e-07, 'epoch': 2.91}
{'loss': 1.6202, 'learning_rate': 5.757832345469941e-07, 'epoch': 2.92}
{'loss': 1.5303, 'learning_rate': 5.58848433530906e-07, 'epoch': 2.92}
{'loss': 1.5712, 'learning_rate': 5.41913632514818e-07, 'epoch': 2.92}
{'loss': 1.5453, 'learning_rate': 5.2497883149873e-07, 'epoch': 2.92}
{'loss': 1.5035, 'learning_rate': 5.080440304826419e-07, 'epoch': 2.93}
{'loss': 1.564, 'learning_rate': 4.911092294665538e-07, 'epoch': 2.93}
{'loss': 1.5395, 'learning_rate': 4.7417442845046577e-07, 'epoch': 2.93}
{'loss': 1.4846, 'learning_rate': 4.5723962743437767e-07, 'epoch': 2.93}
{'loss': 1.6167, 'learning_rate': 4.403048264182896e-07, 'epoch': 2.94}
{'loss': 1.6199, 'learning_rate': 4.233700254022016e-07, 'epoch': 2.94}
{'loss': 1.4246, 'learning_rate': 4.064352243861135e-07, 'epoch': 2.94}
{'loss': 1.5387, 'learning_rate': 3.8950042337002543e-07, 'epoch': 2.94}
{'loss': 1.623, 'learning_rate': 3.7256562235393733e-07, 'epoch': 2.95}
{'loss': 1.6653, 'learning_rate': 3.5563082133784934e-07, 'epoch': 2.95}
{'loss': 1.6062, 'learning_rate': 3.3869602032176124e-07, 'epoch': 2.95}
{'loss': 1.5054, 'learning_rate': 3.2176121930567314e-07, 'epoch': 2.95}
{'loss': 1.5441, 'learning_rate': 3.0482641828958515e-07, 'epoch': 2.96}
{'loss': 1.4245, 'learning_rate': 2.8789161727349705e-07, 'epoch': 2.96}
{'loss': 1.5544, 'learning_rate': 2.70956816257409e-07, 'epoch': 2.96}
{'loss': 1.7518, 'learning_rate': 2.5402201524132096e-07, 'epoch': 2.96}
{'loss': 1.7197, 'learning_rate': 2.3708721422523288e-07, 'epoch': 2.97}
{'loss': 1.6654, 'learning_rate': 2.201524132091448e-07, 'epoch': 2.97}
{'loss': 1.6396, 'learning_rate': 2.0321761219305674e-07, 'epoch': 2.97}
{'loss': 1.7244, 'learning_rate': 1.8628281117696867e-07, 'epoch': 2.97}
{'loss': 1.5287, 'learning_rate': 1.6934801016088062e-07, 'epoch': 2.98}
{'loss': 1.5455, 'learning_rate': 1.5241320914479257e-07, 'epoch': 2.98}
{'loss': 1.6611, 'learning_rate': 1.354784081287045e-07, 'epoch': 2.98}
{'loss': 1.6575, 'learning_rate': 1.1854360711261644e-07, 'epoch': 2.98}
{'loss': 1.6707, 'learning_rate': 1.0160880609652837e-07, 'epoch': 2.98}
{'loss': 1.5064, 'learning_rate': 8.467400508044031e-08, 'epoch': 2.99}
{'loss': 1.5554, 'learning_rate': 6.773920406435225e-08, 'epoch': 2.99}
{'loss': 1.6562, 'learning_rate': 5.0804403048264184e-08, 'epoch': 2.99}
{'loss': 1.6496, 'learning_rate': 3.3869602032176125e-08, 'epoch': 2.99}
{'loss': 1.5461, 'learning_rate': 1.6934801016088063e-08, 'epoch': 3.0}
{'train_runtime': 5561.7885, 'train_samples_per_second': 28.05, 'train_steps_per_second': 0.219, 'train_loss': 2.2519275104666776, 'epoch': 3.0}
